Running tests for codecontests/cluster3...

====================================
Testing problem: 1056_d_decorate_apple_tree_1782
====================================
✅ Problem 1056_d_decorate_apple_tree_1782: Results: 10/10 tests passed

====================================
Testing problem: 1076_e_vasya_and_a_tree_11985
====================================
✅ Problem 1076_e_vasya_and_a_tree_11985: Results: 10/10 tests passed

====================================
Testing problem: 1083_a_the_fair_nut_and_the_best_path_12817
====================================
✅ Problem 1083_a_the_fair_nut_and_the_best_path_12817: Results: 10/10 tests passed

====================================
Testing problem: 1084_d_the_fair_nut_and_the_best_path_3448
====================================
✅ Problem 1084_d_the_fair_nut_and_the_best_path_3448: Results: 10/10 tests passed

====================================
Testing problem: 1092_f_tree_with_maximum_cost_8028
====================================
✅ Problem 1092_f_tree_with_maximum_cost_8028: Results: 10/10 tests passed

====================================
Testing problem: 1153_d_serval_and_rooted_tree_2202
====================================
✅ Problem 1153_d_serval_and_rooted_tree_2202: Results: 10/10 tests passed

====================================
Testing problem: 1187_e_tree_painting_12718
====================================
✅ Problem 1187_e_tree_painting_12718: Results: 10/10 tests passed

====================================
Testing problem: 1280_c_jeremy_bearimy_11057
====================================
✅ Problem 1280_c_jeremy_bearimy_11057: Results: 10/10 tests passed

====================================
Testing problem: 1281_e_jeremy_bearimy_9704
====================================
✅ Problem 1281_e_jeremy_bearimy_9704: Results: 10/10 tests passed

====================================
Testing problem: 1324_f_maximum_white_subtree_3668
====================================
❌ Problem 1324_f_maximum_white_subtree_3668: Results: 3/10 tests passed
Sample errors:
Test #3: FAILED ❌
Test #4: FAILED ❌
Test #5: FAILED ❌
Test #6: FAILED ❌
Test #7: FAILED ❌
...

====================================
Testing problem: 1332_f_independent_set_12309
====================================
✅ Problem 1332_f_independent_set_12309: Results: 10/10 tests passed

====================================
Testing problem: 1336_a_linova_and_kingdom_8768
====================================
✅ Problem 1336_a_linova_and_kingdom_8768: Results: 10/10 tests passed

====================================
Testing problem: 1436_d_bandit_in_a_city_4611
====================================
✅ Problem 1436_d_bandit_in_a_city_4611: Results: 10/10 tests passed

====================================
Testing problem: 1453_e_dog_snacks_5757
====================================
✅ Problem 1453_e_dog_snacks_5757: Results: 10/10 tests passed

====================================
Testing problem: 1498_f_christmas_game_5029
====================================
✅ Problem 1498_f_christmas_game_5029: Results: 10/10 tests passed

====================================
Testing problem: 1499_f_diameter_cuts_11692
====================================
❌ Problem 1499_f_diameter_cuts_11692: Results: 0/10 tests passed
Sample errors:
Traceback (most recent call last):
NameError: name 'TreeBuilder' is not defined
Test #1: Error running solution! Exit code: 1
Traceback (most recent call last):
NameError: name 'TreeBuilder' is not defined
...

====================================
Testing problem: 1528_a_parsas_humongous_tree_10236
====================================
❌ Problem 1528_a_parsas_humongous_tree_10236: Results: 0/10 tests passed
Sample errors:
Traceback (most recent call last):
NameError: name 'TreeBuilder' is not defined
Test #1: Error running solution! Exit code: 1
Traceback (most recent call last):
NameError: name 'TreeBuilder' is not defined
...

====================================
Testing problem: 1540_b_tree_array_3053
====================================
❌ Problem 1540_b_tree_array_3053: Results: 9/10 tests passed
Sample errors:
Test #4: FAILED ❌
...

====================================
Testing problem: 23_e_tree_4723
====================================
❌ Problem 23_e_tree_4723: Results: 0/10 tests passed
Sample errors:
Traceback (most recent call last):
NameError: name 'TreeBuilder' is not defined
Test #1: Error running solution! Exit code: 1
Traceback (most recent call last):
NameError: name 'TreeBuilder' is not defined
...

====================================
Testing problem: 274_b_zero_tree_3163
====================================
✅ Problem 274_b_zero_tree_3163: Results: 10/10 tests passed

====================================
Testing problem: 275_d_zero_tree_12948
====================================
✅ Problem 275_d_zero_tree_12948: Results: 10/10 tests passed

====================================
Testing problem: 461_b_appleman_and_tree_11604
====================================
✅ Problem 461_b_appleman_and_tree_11604: Results: 10/10 tests passed

====================================
Testing problem: 538_e_demiurges_play_again_12023
====================================
✅ Problem 538_e_demiurges_play_again_12023: Results: 10/10 tests passed

====================================
Testing problem: 543_d_road_improvement_5673
====================================
✅ Problem 543_d_road_improvement_5673: Results: 10/10 tests passed

====================================
Testing problem: 696_b_puzzles_9008
====================================
❌ Problem 696_b_puzzles_9008: Results: 0/10 tests passed
Sample errors:
Test #1: FAILED ❌
Test #2: FAILED ❌
Test #3: FAILED ❌
Test #4: FAILED ❌
Test #5: FAILED ❌
...

====================================
Testing problem: 697_d_puzzles_7551
====================================
❌ Problem 697_d_puzzles_7551: Results: 0/10 tests passed
Sample errors:
Test #1: FAILED ❌
Test #2: FAILED ❌
Test #3: FAILED ❌
Test #4: FAILED ❌
Test #5: FAILED ❌
...

====================================
Testing problem: 700_b_connecting_universities_5263
====================================
✅ Problem 700_b_connecting_universities_5263: Results: 10/10 tests passed

====================================
Testing problem: 735_e_ostap_and_tree_2037
====================================
✅ Problem 735_e_ostap_and_tree_2037: Results: 10/10 tests passed

====================================
Testing problem: 80_e_beavermuncher0xff_11410
====================================
✅ Problem 80_e_beavermuncher0xff_11410: Results: 10/10 tests passed

====================================
Testing problem: 846_e_chemistry_in_berland_60
====================================
✅ Problem 846_e_chemistry_in_berland_60: Results: 10/10 tests passed

====================================
Testing problem: __pycache__
====================================
Error: run.sh script not found for problem __pycache__

====================================
Final Results: 23/30 problems passed all tests
====================================
Problems with failing tests:
- 1324_f_maximum_white_subtree_3668
- 1499_f_diameter_cuts_11692
- 1528_a_parsas_humongous_tree_10236
- 1540_b_tree_array_3053
- 23_e_tree_4723
- 696_b_puzzles_9008
- 697_d_puzzles_7551
⚠️ Some problems in cluster3 failed tests.
