============================= test session starts ==============================
platform linux -- Python 3.12.3, pytest-8.4.1, pluggy-1.6.0
rootdir: /home/justinchiu/code/python/minicode/large_repos/command_line_task_manager/unified
configfile: pyproject.toml
plugins: metadata-3.1.1, cov-6.2.1, json-report-1.5.0
collected 365 items / 8 errors

tests/researcher/bibliography/test_models.py .......F.......F.           [  4%]
tests/researcher/dataset_versioning/test_models.py .F...F..F....F.       [  8%]
tests/researcher/dataset_versioning/test_service.py .F.........FF..F..FF [ 14%]
                                                                         [ 14%]
tests/researcher/dataset_versioning/test_storage.py F..F...F.FFF         [ 17%]
tests/researcher/environment/test_models.py ...F.......F.                [ 21%]
tests/researcher/environment/test_service.py ................F           [ 25%]
tests/researcher/environment/test_storage.py F......F                    [ 27%]
tests/researcher/experiment_tracking/test_models.py ..........           [ 30%]
tests/researcher/experiment_tracking/test_service.py ................... [ 35%]
..                                                                       [ 36%]
tests/researcher/experiment_tracking/test_storage.py ................... [ 41%]
.....                                                                    [ 43%]
tests/researcher/experiment_tracking/test_visualizer.py ..........       [ 45%]
tests/researcher/export/test_formatter.py ...........                    [ 48%]
tests/researcher/export/test_models.py .........                         [ 51%]
tests/researcher/export/test_service.py ..........                       [ 53%]
tests/researcher/export/test_storage.py ........                         [ 56%]
tests/researcher/performance/test_dataset_versioning_performance.py ...F [ 57%]
.                                                                        [ 57%]
tests/researcher/performance/test_environment_performance.py .....       [ 58%]
tests/researcher/performance/test_experiment_tracking_performance.py ... [ 59%]
.                                                                        [ 60%]
tests/researcher/performance/test_export_performance.py ....             [ 61%]
tests/researcher/performance/test_task_management_performance.py ....    [ 62%]
tests/researcher/task_management/test_models.py ..F...FF.....            [ 65%]
tests/researcher/task_management/test_service.py ...................     [ 70%]
tests/researcher/task_management/test_storage.py ...............         [ 75%]
tests/security_analyst/compliance/test_compliance.py .....F.FF.          [ 77%]
tests/security_analyst/cvss/test_cvss.py ........                        [ 80%]
tests/security_analyst/evidence/test_evidence.py ..........              [ 82%]
tests/security_analyst/findings/test_findings.py ..FFFFFF                [ 84%]
tests/security_analyst/remediation/test_remediation.py ........F.F.      [ 88%]
tests/security_analyst/reporting/test_redaction.py ........              [ 90%]
tests/security_analyst/reporting/test_reporting.py ...FFFF.FF            [ 93%]
tests/security_analyst/test_integration.py F..                           [ 93%]
tests/security_analyst/test_stress.py F.FFF.                             [ 95%]
tests/security_analyst/utils/test_crypto.py .........                    [ 98%]
tests/security_analyst/utils/test_validation.py .......                  [100%]
==== TEST RESULTS SUMMARY ====
Total: 365
Passed: 316
Failed: 49
Skipped: 0
Errors: 0
Duration: 0.00s
=============================



==================================== ERRORS ====================================
_______ ERROR collecting tests/researcher/bibliography/test_formatter.py _______
ImportError while importing test module '/home/justinchiu/code/python/minicode/large_repos/command_line_task_manager/unified/tests/researcher/bibliography/test_formatter.py'.
Hint: make sure your test modules/packages have valid Python names.
Traceback:
/usr/lib/python3.12/importlib/__init__.py:90: in import_module
    return _bootstrap._gcd_import(name[level:], package, level)
           ^^^^^^^^^^^^^^^^^^^^^^^^^^^^^^^^^^^^^^^^^^^^^^^^^^^^
tests/researcher/bibliography/test_formatter.py:5: in <module>
    from researchtrack.bibliography.formatter import ReferenceFormatter
researchtrack/bibliography/__init__.py:2: in <module>
    from .importer import BibliographyImporter
researchtrack/bibliography/importer.py:8: in <module>
    import pybtex.database
E   ModuleNotFoundError: No module named 'pybtex'
_______ ERROR collecting tests/researcher/bibliography/test_importer.py ________
ImportError while importing test module '/home/justinchiu/code/python/minicode/large_repos/command_line_task_manager/unified/tests/researcher/bibliography/test_importer.py'.
Hint: make sure your test modules/packages have valid Python names.
Traceback:
/usr/lib/python3.12/importlib/__init__.py:90: in import_module
    return _bootstrap._gcd_import(name[level:], package, level)
           ^^^^^^^^^^^^^^^^^^^^^^^^^^^^^^^^^^^^^^^^^^^^^^^^^^^^
tests/researcher/bibliography/test_importer.py:6: in <module>
    from researchtrack.bibliography.importer import BibliographyImporter
researchtrack/bibliography/__init__.py:2: in <module>
    from .importer import BibliographyImporter
researchtrack/bibliography/importer.py:8: in <module>
    import pybtex.database
E   ModuleNotFoundError: No module named 'pybtex'
________ ERROR collecting tests/researcher/bibliography/test_service.py ________
ImportError while importing test module '/home/justinchiu/code/python/minicode/large_repos/command_line_task_manager/unified/tests/researcher/bibliography/test_service.py'.
Hint: make sure your test modules/packages have valid Python names.
Traceback:
/usr/lib/python3.12/importlib/__init__.py:90: in import_module
    return _bootstrap._gcd_import(name[level:], package, level)
           ^^^^^^^^^^^^^^^^^^^^^^^^^^^^^^^^^^^^^^^^^^^^^^^^^^^^
tests/researcher/bibliography/test_service.py:13: in <module>
    from researchtrack.bibliography.service import BibliographyService
researchtrack/bibliography/__init__.py:2: in <module>
    from .importer import BibliographyImporter
researchtrack/bibliography/importer.py:8: in <module>
    import pybtex.database
E   ModuleNotFoundError: No module named 'pybtex'
________ ERROR collecting tests/researcher/bibliography/test_storage.py ________
ImportError while importing test module '/home/justinchiu/code/python/minicode/large_repos/command_line_task_manager/unified/tests/researcher/bibliography/test_storage.py'.
Hint: make sure your test modules/packages have valid Python names.
Traceback:
/usr/lib/python3.12/importlib/__init__.py:90: in import_module
    return _bootstrap._gcd_import(name[level:], package, level)
           ^^^^^^^^^^^^^^^^^^^^^^^^^^^^^^^^^^^^^^^^^^^^^^^^^^^^
tests/researcher/bibliography/test_storage.py:12: in <module>
    from researchtrack.bibliography.storage import InMemoryBibliographyStorage
researchtrack/bibliography/__init__.py:2: in <module>
    from .importer import BibliographyImporter
researchtrack/bibliography/importer.py:8: in <module>
    import pybtex.database
E   ModuleNotFoundError: No module named 'pybtex'
___ ERROR collecting tests/researcher/integration/test_multitask_workflow.py ___
ImportError while importing test module '/home/justinchiu/code/python/minicode/large_repos/command_line_task_manager/unified/tests/researcher/integration/test_multitask_workflow.py'.
Hint: make sure your test modules/packages have valid Python names.
Traceback:
/usr/lib/python3.12/importlib/__init__.py:90: in import_module
    return _bootstrap._gcd_import(name[level:], package, level)
           ^^^^^^^^^^^^^^^^^^^^^^^^^^^^^^^^^^^^^^^^^^^^^^^^^^^^
tests/researcher/integration/test_multitask_workflow.py:13: in <module>
    from researchtrack.bibliography import BibliographyService, InMemoryBibliographyStorage
researchtrack/bibliography/__init__.py:2: in <module>
    from .importer import BibliographyImporter
researchtrack/bibliography/importer.py:8: in <module>
    import pybtex.database
E   ModuleNotFoundError: No module named 'pybtex'
___ ERROR collecting tests/researcher/integration/test_research_workflow.py ____
ImportError while importing test module '/home/justinchiu/code/python/minicode/large_repos/command_line_task_manager/unified/tests/researcher/integration/test_research_workflow.py'.
Hint: make sure your test modules/packages have valid Python names.
Traceback:
/usr/lib/python3.12/importlib/__init__.py:90: in import_module
    return _bootstrap._gcd_import(name[level:], package, level)
           ^^^^^^^^^^^^^^^^^^^^^^^^^^^^^^^^^^^^^^^^^^^^^^^^^^^^
tests/researcher/integration/test_research_workflow.py:13: in <module>
    from researchtrack.bibliography import BibliographyService, InMemoryBibliographyStorage
researchtrack/bibliography/__init__.py:2: in <module>
    from .importer import BibliographyImporter
researchtrack/bibliography/importer.py:8: in <module>
    import pybtex.database
E   ModuleNotFoundError: No module named 'pybtex'
_ ERROR collecting tests/researcher/performance/test_bibliography_performance.py _
ImportError while importing test module '/home/justinchiu/code/python/minicode/large_repos/command_line_task_manager/unified/tests/researcher/performance/test_bibliography_performance.py'.
Hint: make sure your test modules/packages have valid Python names.
Traceback:
/usr/lib/python3.12/importlib/__init__.py:90: in import_module
    return _bootstrap._gcd_import(name[level:], package, level)
           ^^^^^^^^^^^^^^^^^^^^^^^^^^^^^^^^^^^^^^^^^^^^^^^^^^^^
tests/researcher/performance/test_bibliography_performance.py:14: in <module>
    from researchtrack.bibliography.service import BibliographyService
researchtrack/bibliography/__init__.py:2: in <module>
    from .importer import BibliographyImporter
researchtrack/bibliography/importer.py:8: in <module>
    import pybtex.database
E   ModuleNotFoundError: No module named 'pybtex'
_ ERROR collecting tests/researcher/performance/test_integration_performance.py _
ImportError while importing test module '/home/justinchiu/code/python/minicode/large_repos/command_line_task_manager/unified/tests/researcher/performance/test_integration_performance.py'.
Hint: make sure your test modules/packages have valid Python names.
Traceback:
/usr/lib/python3.12/importlib/__init__.py:90: in import_module
    return _bootstrap._gcd_import(name[level:], package, level)
           ^^^^^^^^^^^^^^^^^^^^^^^^^^^^^^^^^^^^^^^^^^^^^^^^^^^^
tests/researcher/performance/test_integration_performance.py:15: in <module>
    from researchtrack.bibliography import BibliographyService, InMemoryBibliographyStorage
researchtrack/bibliography/__init__.py:2: in <module>
    from .importer import BibliographyImporter
researchtrack/bibliography/importer.py:8: in <module>
    import pybtex.database
E   ModuleNotFoundError: No module named 'pybtex'
=================================== FAILURES ===================================
_____________________ TestReference.test_update_reference ______________________

self = <tests.researcher.bibliography.test_models.TestReference object at 0x7496b0bc8680>

    def test_update_reference(self):
        # Test updating reference fields
        reference = Reference(
            type=ReferenceType.JOURNAL_ARTICLE,
            title="Original Title",
            authors=[],
            journal_name="Original Journal",
        )
    
        original_updated_at = reference.updated_at
    
        # Update fields
        reference.update(
            title="Updated Title",
            journal_name="Updated Journal",
            volume="10",
            issue="2",
        )
    
>       assert reference.title == "Updated Title"
E       AssertionError: assert 'Original Title' == 'Updated Title'
E         
E         - Updated Title
E         + Original Title

tests/researcher/bibliography/test_models.py:210: AssertionError
____________________ TestTaskReferenceLink.test_update_link ____________________

self = <tests.researcher.bibliography.test_models.TestTaskReferenceLink object at 0x7496b01f8470>

    def test_update_link(self):
        # Test updating link fields
        task_id = UUID('12345678-1234-5678-1234-567812345678')
        reference_id = UUID('87654321-8765-4321-8765-432187654321')
    
        link = TaskReferenceLink(
            task_id=task_id,
            reference_id=reference_id,
            relevance="Original relevance",
        )
    
        original_updated_at = link.updated_at
    
        link.update(relevance="Updated relevance description")
    
>       assert link.relevance == "Updated relevance description"
E       AssertionError: assert 'Original relevance' == 'Updated rele...e description'
E         
E         - Updated relevance description
E         + Original relevance

tests/researcher/bibliography/test_models.py:451: AssertionError
_______________________ TestDataset.test_update_dataset ________________________

self = <tests.researcher.dataset_versioning.test_models.TestDataset object at 0x7496b0071e50>

    def test_update_dataset(self):
        # Test updating fields
        dataset = Dataset(
            name="Original Name",
            description="Original description",
            format=DatasetFormat.CSV,
            storage_type=DatasetStorageType.LOCAL,
            location="/path/to/data.csv",
        )
    
        original_updated_at = dataset.updated_at
    
        dataset.update(
            name="Updated Name",
            description="Updated description",
            location="/new/path/to/data.csv",
            size_bytes=1024 * 1024,  # 1MB
            row_count=10000,
        )
    
>       assert dataset.name == "Updated Name"
E       AssertionError: assert 'Original Name' == 'Updated Name'
E         
E         - Updated Name
E         + Original Name

tests/researcher/dataset_versioning/test_models.py:82: AssertionError
____________________ TestDatasetVersion.test_update_version ____________________

self = <tests.researcher.dataset_versioning.test_models.TestDatasetVersion object at 0x7496b0072180>

    def test_update_version(self):
        # Test updating fields
        dataset_id = uuid4()
    
        version = DatasetVersion(
            dataset_id=dataset_id,
            version_number="1.0.0",
            location="/path/to/v1.0.0/data.csv",
        )
    
        version.update(
            description="Added description",
            hash="sha256:updated-hash",
            size_bytes=1024 * 1024 * 10,
            row_count=500000,
        )
    
>       assert version.description == "Added description"
E       AssertionError: assert None == 'Added description'
E        +  where None = DatasetVersion(id=UUID('f13cdfbe-d1a4-422e-8a10-74fe2289e16d'), created_at=datetime.datetime(2025, 8, 25, 11, 10, 53, ...hash=None, size_bytes=None, parent_version_id=None, row_count=None, column_count=None, schema=None, custom_metadata={}).description

tests/researcher/dataset_versioning/test_models.py:230: AssertionError
______________ TestDataTransformation.test_update_transformation _______________

self = <tests.researcher.dataset_versioning.test_models.TestDataTransformation object at 0x7496b00726f0>

    def test_update_transformation(self):
        # Test updating fields
        input_version_id = uuid4()
        output_version_id = uuid4()
    
        transformation = DataTransformation(
            type=DataTransformationType.CLEANING,
            name="Original name",
            description="Original description",
            input_dataset_version_id=input_version_id,
            output_dataset_version_id=output_version_id,
        )
    
        transformation.update(
            name="Updated name",
            description="Updated description",
            code_reference="https://updated-reference.com",
            execution_time_seconds=200.0,
        )
    
>       assert transformation.name == "Updated name"
E       AssertionError: assert 'Original name' == 'Updated name'
E         
E         - Updated name
E         + Original name

tests/researcher/dataset_versioning/test_models.py:323: AssertionError
_____________________ TestTaskDatasetLink.test_update_link _____________________

self = <tests.researcher.dataset_versioning.test_models.TestTaskDatasetLink object at 0x7496b0072ed0>

    def test_update_link(self):
        # Test updating fields
        task_id = uuid4()
        dataset_version_id = uuid4()
    
        link = TaskDatasetLink(
            task_id=task_id,
            dataset_version_id=dataset_version_id,
            usage_type="original_type",
            description="Original description",
        )
    
        original_updated_at = link.updated_at
    
        link.update(
            usage_type="updated_type",
            description="Updated description",
        )
    
>       assert link.usage_type == "updated_type"
E       AssertionError: assert 'original_type' == 'updated_type'
E         
E         - updated_type
E         + original_type

tests/researcher/dataset_versioning/test_models.py:452: AssertionError
_______________ TestDatasetVersioningService.test_update_dataset _______________

self = <tests.researcher.dataset_versioning.test_service.TestDatasetVersioningService object at 0x7496b00d0320>

    def test_update_dataset(self):
        # Test updating a dataset
        dataset_id = self.service.create_dataset(
            name="Original Name",
            format=DatasetFormat.CSV,
            storage_type=DatasetStorageType.LOCAL,
            location="/path/to/original.csv",
        )
    
        # Update the dataset
        update_result = self.service.update_dataset(
            dataset_id=dataset_id,
            name="Updated Name",
            description="Added description",
            location="/path/to/updated.csv",
            size_bytes=2048 * 1024,  # 2MB
            row_count=2000,
        )
    
        updated_dataset = self.service.get_dataset(dataset_id)
    
        assert update_result is True
>       assert updated_dataset.name == "Updated Name"
E       AssertionError: assert 'Original Name' == 'Updated Name'
E         
E         - Updated Name
E         + Original Name

tests/researcher/dataset_versioning/test_service.py:81: AssertionError
___________ TestDatasetVersioningService.test_update_dataset_version ___________

self = <tests.researcher.dataset_versioning.test_service.TestDatasetVersioningService object at 0x7496b00d0c20>

    def test_update_dataset_version(self):
        # Test updating a dataset version
        dataset_id = self.service.create_dataset(
            name="Dataset",
            format=DatasetFormat.CSV,
            storage_type=DatasetStorageType.LOCAL,
            location="/path/to/data.csv",
        )
    
        version_id = self.service.create_dataset_version(
            dataset_id=dataset_id,
            version_number="1.0.0",
            location="/path/to/original-version.csv",
        )
    
        # Update the version
        update_result = self.service.update_dataset_version(
            version_id=version_id,
            location="/path/to/updated-version.csv",
            description="Added description",
            hash="sha256:updated",
            size_bytes=2048 * 1024,
            row_count=2000,
            column_count=15,
            schema={"col1": "integer", "col2": "string", "col3": "float"},
        )
    
        updated_version = self.service.get_dataset_version(version_id)
    
        assert update_result is True
>       assert updated_version.location == "/path/to/updated-version.csv"
E       AssertionError: assert '/path/to/ori...l-version.csv' == '/path/to/updated-version.csv'
E         
E         - /path/to/updated-version.csv
E         ?          ^^^ ^^^
E         + /path/to/original-version.csv
E         ?          ^^^^^^ ^

tests/researcher/dataset_versioning/test_service.py:341: AssertionError
_____________ TestDatasetVersioningService.test_version_operations _____________

self = <tests.researcher.dataset_versioning.test_service.TestDatasetVersioningService object at 0x7496b00d0dd0>

    def test_version_operations(self):
        # Test various version operations
        dataset_id = self.service.create_dataset(
            name="Dataset for Versions",
            format=DatasetFormat.CSV,
            storage_type=DatasetStorageType.LOCAL,
            location="/path/to/data.csv",
        )
    
        # Create multiple versions
        v1_id = self.service.create_dataset_version(
            dataset_id=dataset_id,
            version_number="1.0.0",
            location="/path/to/v1.csv",
        )
    
        v2_id = self.service.create_dataset_version(
            dataset_id=dataset_id,
            version_number="1.1.0",
            location="/path/to/v2.csv",
            parent_version_id=v1_id,
        )
    
        v3_id = self.service.create_dataset_version(
            dataset_id=dataset_id,
            version_number="2.0.0",
            location="/path/to/v3.csv",
            parent_version_id=v2_id,
        )
    
        # List versions
        versions = self.service.list_dataset_versions(dataset_id)
    
        assert len(versions) == 3
        assert {v.version_number for v in versions} == {"1.0.0", "1.1.0", "2.0.0"}
    
        # Get latest version
        latest = self.service.get_latest_dataset_version(dataset_id)
    
        # Since we're creating versions very quickly in the test,
        # the "latest" might be determined by timestamp microseconds
>       assert latest.id in {v1_id, v2_id, v3_id}
E       AssertionError: assert UUID('5a4c6ded-14db-47c8-afbb-13bcccc9a64a') in {'2c6e0e2c-5386-475a-9c9e-d3154d5db5c3', '5a4c6ded-14db-47c8-afbb-13bcccc9a64a', 'd2842b75-32f2-44cf-875e-025a6abfc55f'}
E        +  where UUID('5a4c6ded-14db-47c8-afbb-13bcccc9a64a') = DatasetVersion(id=UUID('5a4c6ded-14db-47c8-afbb-13bcccc9a64a'), created_at=datetime.datetime(2025, 8, 25, 11, 10, 53, ...nt_version_id='d2842b75-32f2-44cf-875e-025a6abfc55f', row_count=None, column_count=None, schema={}, custom_metadata={}).id

tests/researcher/dataset_versioning/test_service.py:390: AssertionError
_________ TestDatasetVersioningService.test_transformation_operations __________

self = <tests.researcher.dataset_versioning.test_service.TestDatasetVersioningService object at 0x7496b00d12e0>

    def test_transformation_operations(self):
        # Test various transformation operations
        dataset_id = self.service.create_dataset(
            name="Dataset",
            format=DatasetFormat.CSV,
            storage_type=DatasetStorageType.LOCAL,
            location="/path/to/data.csv",
        )
    
        # Create versions
        v1_id = self.service.create_dataset_version(
            dataset_id=dataset_id,
            version_number="1.0.0",
            location="/path/to/v1.csv",
        )
    
        v2_id = self.service.create_dataset_version(
            dataset_id=dataset_id,
            version_number="1.1.0",
            location="/path/to/v2.csv",
        )
    
        # Create transformation
        transformation_id = self.service.create_data_transformation(
            input_dataset_version_id=v1_id,
            output_dataset_version_id=v2_id,
            transformation_type=DataTransformationType.CLEANING,
            name="Original Name",
            description="Original description",
        )
    
        # Update transformation
        update_result = self.service.update_data_transformation(
            transformation_id=transformation_id,
            name="Updated Name",
            description="Updated description",
            code_reference="https://updated-reference.com",
            execution_time_seconds=60.0,
        )
    
        updated_transformation = self.service.get_data_transformation(transformation_id)
    
        assert update_result is True
>       assert updated_transformation.name == "Updated Name"
E       AssertionError: assert 'Original Name' == 'Updated Name'
E         
E         - Updated Name
E         + Original Name

tests/researcher/dataset_versioning/test_service.py:509: AssertionError
________ TestDatasetVersioningService.test_task_dataset_link_operations ________

self = <tests.researcher.dataset_versioning.test_service.TestDatasetVersioningService object at 0x7496b00d1820>

    def test_task_dataset_link_operations(self):
        # Test various link operations
        dataset_id = self.service.create_dataset(
            name="Dataset",
            format=DatasetFormat.CSV,
            storage_type=DatasetStorageType.LOCAL,
            location="/path/to/data.csv",
        )
    
        version_id = self.service.create_dataset_version(
            dataset_id=dataset_id,
            version_number="1.0.0",
            location="/path/to/v1.csv",
        )
    
        # Create links for different tasks
        link_id1 = self.service.link_task_to_dataset_version(
            task_id=self.task_id1,
            dataset_version_id=version_id,
            usage_type="input",
        )
    
        link_id2 = self.service.link_task_to_dataset_version(
            task_id=self.task_id2,
            dataset_version_id=version_id,
            usage_type="reference",
        )
    
        # Update a link
        update_result = self.service.update_task_dataset_link(
            link_id=link_id1,
            usage_type="updated_type",
            description="Added description",
        )
    
        updated_link = self.service.get_task_dataset_link(link_id1)
    
        assert update_result is True
        assert updated_link.usage_type == "updated_type"
        assert updated_link.description == "Added description"
    
        # Add notes
        self.service.add_note_to_link(link_id1, "Test note")
    
        link = self.service.get_task_dataset_link(link_id1)
        assert link.notes == ["Test note"]
    
        # Query links
        task_versions = self.service.get_dataset_versions_by_task(self.task_id1)
        assert len(task_versions) == 1
>       assert task_versions[0].id == version_id
E       AssertionError: assert UUID('2aedbb1b-c9d3-44cb-87f9-f976b1ac7560') == '2aedbb1b-c9d3-44cb-87f9-f976b1ac7560'
E        +  where UUID('2aedbb1b-c9d3-44cb-87f9-f976b1ac7560') = DatasetVersion(id=UUID('2aedbb1b-c9d3-44cb-87f9-f976b1ac7560'), created_at=datetime.datetime(2025, 8, 25, 11, 10, 53, ..., hash=None, size_bytes=None, parent_version_id=None, row_count=None, column_count=None, schema={}, custom_metadata={}).id

tests/researcher/dataset_versioning/test_service.py:641: AssertionError
______________ TestDatasetVersioningService.test_dataset_lineage _______________

self = <tests.researcher.dataset_versioning.test_service.TestDatasetVersioningService object at 0x7496b00d19d0>

    def test_dataset_lineage(self):
        # Test getting dataset lineage
        dataset_id = self.service.create_dataset(
            name="Dataset",
            format=DatasetFormat.CSV,
            storage_type=DatasetStorageType.LOCAL,
            location="/path/to/data.csv",
        )
    
        # Create a sequence of versions
        v1_id = self.service.create_dataset_version(
            dataset_id=dataset_id,
            version_number="1.0.0",
            location="/path/to/v1.csv",
        )
    
        v2_id = self.service.create_dataset_version(
            dataset_id=dataset_id,
            version_number="1.1.0",
            location="/path/to/v2.csv",
            parent_version_id=v1_id,
        )
    
        v3_id = self.service.create_dataset_version(
            dataset_id=dataset_id,
            version_number="2.0.0",
            location="/path/to/v3.csv",
            parent_version_id=v2_id,
        )
    
        # Create transformations between versions
        t1_id = self.service.create_data_transformation(
            input_dataset_version_id=v1_id,
            output_dataset_version_id=v2_id,
            transformation_type=DataTransformationType.CLEANING,
            name="Cleaning transformation",
        )
    
        t2_id = self.service.create_data_transformation(
            input_dataset_version_id=v2_id,
            output_dataset_version_id=v3_id,
            transformation_type=DataTransformationType.FEATURE_ENGINEERING,
            name="Feature engineering",
        )
    
        # Get the lineage starting from v3
        lineage = self.service.get_dataset_lineage(v3_id)
    
        # Check the lineage structure
        assert len(lineage) == 3  # Should include all three versions
    
        # Check v3 entry
        v3_entry = lineage[str(v3_id)]
>       assert v3_entry["version"].id == v3_id
E       AssertionError: assert UUID('cc5b295d-84a2-4d82-b700-13987314964c') == 'cc5b295d-84a2-4d82-b700-13987314964c'
E        +  where UUID('cc5b295d-84a2-4d82-b700-13987314964c') = DatasetVersion(id=UUID('cc5b295d-84a2-4d82-b700-13987314964c'), created_at=datetime.datetime(2025, 8, 25, 11, 10, 53, ...nt_version_id='3f2c70d8-8b69-4098-aa35-e8d253b43c31', row_count=None, column_count=None, schema={}, custom_metadata={}).id

tests/researcher/dataset_versioning/test_service.py:715: AssertionError
____________ TestInMemoryDatasetStorage.test_create_and_get_dataset ____________

self = <tests.researcher.dataset_versioning.test_storage.TestInMemoryDatasetStorage object at 0x7496b00d1760>

    def test_create_and_get_dataset(self):
        # Test creating and retrieving a dataset
        dataset_id = self.storage.create_dataset(self.dataset1)
    
        retrieved_dataset = self.storage.get_dataset(dataset_id)
    
        assert retrieved_dataset is not None
>       assert retrieved_dataset.id == dataset_id
E       AssertionError: assert UUID('1b847899-a834-41c3-925a-f65425f14892') == '1b847899-a834-41c3-925a-f65425f14892'
E        +  where UUID('1b847899-a834-41c3-925a-f65425f14892') = Dataset(id=UUID('1b847899-a834-41c3-925a-f65425f14892'), created_at=datetime.datetime(2025, 8, 25, 11, 10, 53, 356567)...one, tags={'climate', 'temperature'}, custom_metadata={}, hash=None, version=None, parent_dataset_id=None, versions=[]).id

tests/researcher/dataset_versioning/test_storage.py:51: AssertionError
________________ TestInMemoryDatasetStorage.test_delete_dataset ________________

self = <tests.researcher.dataset_versioning.test_storage.TestInMemoryDatasetStorage object at 0x7496b00d0830>

    def test_delete_dataset(self):
        # Test deleting a dataset
        dataset_id = self.storage.create_dataset(self.dataset1)
    
        # Create a version of this dataset
        version = DatasetVersion(
            dataset_id=dataset_id,
            version_number="1.0.0",
            location="s3://test-bucket/climate-2010-2020/v1.0.0.csv",
        )
        version_id = self.storage.create_dataset_version(version)
    
        # Create a link to this version
        link = TaskDatasetLink(
            task_id=self.task_id1,
            dataset_version_id=version_id,
        )
        link_id = self.storage.create_task_dataset_link(link)
    
        # Delete the dataset
        delete_result = self.storage.delete_dataset(dataset_id)
    
        assert delete_result is True
        assert self.storage.get_dataset(dataset_id) is None
    
        # Verify that the version was also deleted
        assert self.storage.get_dataset_version(version_id) is None
    
        # Verify that the link was also deleted
>       assert self.storage.get_task_dataset_link(link_id) is None
E       AssertionError: assert TaskDatasetLink(id=UUID('d550bd2c-6958-4c9a-9b0e-264cfba37de9'), created_at=datetime.datetime(2025, 8, 25, 11, 10, 53,...c7009b26419e'), dataset_version_id='eed00271-e636-4d1a-9898-c8c15fce3d11', usage_type=None, description=None, notes=[]) is None
E        +  where TaskDatasetLink(id=UUID('d550bd2c-6958-4c9a-9b0e-264cfba37de9'), created_at=datetime.datetime(2025, 8, 25, 11, 10, 53,...c7009b26419e'), dataset_version_id='eed00271-e636-4d1a-9898-c8c15fce3d11', usage_type=None, description=None, notes=[]) = get_task_dataset_link('d550bd2c-6958-4c9a-9b0e-264cfba37de9')
E        +    where get_task_dataset_link = <researchtrack.dataset_versioning.storage.InMemoryDatasetStorage object at 0x7496aedecd40>.get_task_dataset_link
E        +      where <researchtrack.dataset_versioning.storage.InMemoryDatasetStorage object at 0x7496aedecd40> = <tests.researcher.dataset_versioning.test_storage.TestInMemoryDatasetStorage object at 0x7496b00d0830>.storage

tests/researcher/dataset_versioning/test_storage.py:113: AssertionError
__________ TestInMemoryDatasetStorage.test_dataset_version_operations __________

self = <tests.researcher.dataset_versioning.test_storage.TestInMemoryDatasetStorage object at 0x7496b00d2b70>

    def test_dataset_version_operations(self):
        # Test dataset version CRUD operations
        dataset_id = self.storage.create_dataset(self.dataset1)
    
        # Create versions
        version1 = DatasetVersion(
            dataset_id=dataset_id,
            version_number="1.0.0",
            location="s3://test-bucket/climate-2010-2020/v1.0.0.csv",
            creator="Researcher A",
        )
    
        version2 = DatasetVersion(
            dataset_id=dataset_id,
            version_number="2.0.0",
            location="s3://test-bucket/climate-2010-2020/v2.0.0.csv",
            creator="Researcher B",
        )
    
        version_id1 = self.storage.create_dataset_version(version1)
        version_id2 = self.storage.create_dataset_version(version2)
    
        # Test retrieving versions
        retrieved_version1 = self.storage.get_dataset_version(version_id1)
    
        assert retrieved_version1 is not None
>       assert retrieved_version1.id == version_id1
E       AssertionError: assert UUID('12a69ceb-3734-42a6-958d-80f2d32d0567') == '12a69ceb-3734-42a6-958d-80f2d32d0567'
E        +  where UUID('12a69ceb-3734-42a6-958d-80f2d32d0567') = DatasetVersion(id=UUID('12a69ceb-3734-42a6-958d-80f2d32d0567'), created_at=datetime.datetime(2025, 8, 25, 11, 10, 53, ...hash=None, size_bytes=None, parent_version_id=None, row_count=None, column_count=None, schema=None, custom_metadata={}).id

tests/researcher/dataset_versioning/test_storage.py:187: AssertionError
________ TestInMemoryDatasetStorage.test_data_transformation_operations ________

self = <tests.researcher.dataset_versioning.test_storage.TestInMemoryDatasetStorage object at 0x7496b00d2ed0>

    def test_data_transformation_operations(self):
        # Test data transformation CRUD operations
        dataset_id = self.storage.create_dataset(self.dataset1)
    
        # Create versions for input/output
        input_version = DatasetVersion(
            dataset_id=dataset_id,
            version_number="1.0.0",
            location="s3://test-bucket/input-version.csv",
        )
        input_version_id = self.storage.create_dataset_version(input_version)
    
        output_version = DatasetVersion(
            dataset_id=dataset_id,
            version_number="1.1.0",
            location="s3://test-bucket/output-version.csv",
        )
        output_version_id = self.storage.create_dataset_version(output_version)
    
        # Create transformation
        transformation = DataTransformation(
            type=DataTransformationType.CLEANING,
            name="Data Cleaning Step",
            description="Remove outliers and normalize data",
            input_dataset_version_id=input_version_id,
            output_dataset_version_id=output_version_id,
            parameters={"outlier_threshold": 3.0},
            code_reference="https://github.com/repo/cleaning.py",
        )
    
        transformation_id = self.storage.create_data_transformation(transformation)
    
        # Test retrieving transformation
        retrieved_transformation = self.storage.get_data_transformation(transformation_id)
    
        assert retrieved_transformation is not None
>       assert retrieved_transformation.id == transformation_id
E       AssertionError: assert UUID('70b1915d-a754-4873-a772-776246c5af75') == '70b1915d-a754-4873-a772-776246c5af75'
E        +  where UUID('70b1915d-a754-4873-a772-776246c5af75') = DataTransformation(id=UUID('70b1915d-a754-4873-a772-776246c5af75'), created_at=datetime.datetime(2025, 8, 25, 11, 10, ...eshold': 3.0}, code_reference='https://github.com/repo/cleaning.py', execution_time_seconds=None, tags=set(), notes=[]).id

tests/researcher/dataset_versioning/test_storage.py:303: AssertionError
_________ TestInMemoryDatasetStorage.test_task_dataset_link_operations _________

self = <tests.researcher.dataset_versioning.test_storage.TestInMemoryDatasetStorage object at 0x7496b00d3080>

    def test_task_dataset_link_operations(self):
        # Test task-dataset link CRUD operations
        dataset_id = self.storage.create_dataset(self.dataset1)
    
        # Create a version
        version = DatasetVersion(
            dataset_id=dataset_id,
            version_number="1.0.0",
            location="s3://test-bucket/v1.0.0.csv",
        )
        version_id = self.storage.create_dataset_version(version)
    
        # Create links between tasks and the dataset version
        link1 = TaskDatasetLink(
            task_id=self.task_id1,
            dataset_version_id=version_id,
            usage_type="input",
            description="Primary input dataset",
        )
    
        link2 = TaskDatasetLink(
            task_id=self.task_id2,
            dataset_version_id=version_id,
            usage_type="reference",
            description="Reference dataset",
        )
    
        link_id1 = self.storage.create_task_dataset_link(link1)
        link_id2 = self.storage.create_task_dataset_link(link2)
    
        # Test retrieving link
        retrieved_link = self.storage.get_task_dataset_link(link_id1)
    
        assert retrieved_link is not None
>       assert retrieved_link.id == link_id1
E       AssertionError: assert UUID('ba8d5211-ee43-41e4-bcb2-3d841a6f05fb') == 'ba8d5211-ee43-41e4-bcb2-3d841a6f05fb'
E        +  where UUID('ba8d5211-ee43-41e4-bcb2-3d841a6f05fb') = TaskDatasetLink(id=UUID('ba8d5211-ee43-41e4-bcb2-3d841a6f05fb'), created_at=datetime.datetime(2025, 8, 25, 11, 10, 53,...t_version_id='b2c6f58e-570c-48d6-8541-99d66c65bd91', usage_type='input', description='Primary input dataset', notes=[]).id

tests/researcher/dataset_versioning/test_storage.py:379: AssertionError
_________________ TestInMemoryDatasetStorage.test_get_lineage __________________

self = <tests.researcher.dataset_versioning.test_storage.TestInMemoryDatasetStorage object at 0x7496b00d3230>

    def test_get_lineage(self):
        # Test lineage tracking
        dataset_id = self.storage.create_dataset(self.dataset1)
    
        # Create a sequence of versions and transformations
        v1 = DatasetVersion(
            dataset_id=dataset_id,
            version_number="1.0.0",
            location="/path/to/v1.csv",
        )
        v1_id = self.storage.create_dataset_version(v1)
    
        v2 = DatasetVersion(
            dataset_id=dataset_id,
            version_number="1.1.0",
            location="/path/to/v2.csv",
            parent_version_id=v1_id,
        )
        v2_id = self.storage.create_dataset_version(v2)
    
        v3 = DatasetVersion(
            dataset_id=dataset_id,
            version_number="2.0.0",
            location="/path/to/v3.csv",
            parent_version_id=v2_id,
        )
        v3_id = self.storage.create_dataset_version(v3)
    
        # Create transformations between versions
        t1 = DataTransformation(
            type=DataTransformationType.CLEANING,
            name="Initial cleaning",
            input_dataset_version_id=v1_id,
            output_dataset_version_id=v2_id,
        )
        t1_id = self.storage.create_data_transformation(t1)
    
        t2 = DataTransformation(
            type=DataTransformationType.FEATURE_ENGINEERING,
            name="Feature engineering",
            input_dataset_version_id=v2_id,
            output_dataset_version_id=v3_id,
        )
        t2_id = self.storage.create_data_transformation(t2)
    
        # Get lineage starting from v3
        lineage = self.storage.get_lineage(v3_id)
    
        # Check the lineage
        assert len(lineage) == 3  # Should include all three versions
    
        # Check v3 entry
        v3_entry = lineage[str(v3_id)]
>       assert v3_entry["version"].id == v3_id
E       AssertionError: assert UUID('b5e1bc20-4e10-457a-8228-d9cd990fdabd') == 'b5e1bc20-4e10-457a-8228-d9cd990fdabd'
E        +  where UUID('b5e1bc20-4e10-457a-8228-d9cd990fdabd') = DatasetVersion(id=UUID('b5e1bc20-4e10-457a-8228-d9cd990fdabd'), created_at=datetime.datetime(2025, 8, 25, 11, 10, 53, ..._version_id='70eef02f-d22d-44be-9f47-5c7ad52dc14b', row_count=None, column_count=None, schema=None, custom_metadata={}).id

tests/researcher/dataset_versioning/test_storage.py:469: AssertionError
___________ TestEnvironmentSnapshot.test_update_environment_snapshot ___________

self = <tests.researcher.environment.test_models.TestEnvironmentSnapshot object at 0x7496b0013500>

    def test_update_environment_snapshot(self):
        # Test updating fields
        snapshot = EnvironmentSnapshot(
            name="Original Name",
            type=EnvironmentType.LOCAL,
            description="Original description",
        )
    
        original_updated_at = snapshot.updated_at
    
        snapshot.update(
            name="Updated Name",
            description="Updated description",
            python_version="3.11.0",
            container_image="new-image",
            container_tag="latest",
        )
    
>       assert snapshot.name == "Updated Name"
E       AssertionError: assert 'Original Name' == 'Updated Name'
E         
E         - Updated Name
E         + Original Name

tests/researcher/environment/test_models.py:200: AssertionError
___________________ TestTaskEnvironmentLink.test_update_link ___________________

self = <tests.researcher.environment.test_models.TestTaskEnvironmentLink object at 0x7496b009c260>

    def test_update_link(self):
        # Test updating fields
        task_id = uuid4()
        environment_id = uuid4()
    
        link = TaskEnvironmentLink(
            task_id=task_id,
            environment_id=environment_id,
            description="Original description",
            actual_execution_time=100.0,
        )
    
        original_updated_at = link.updated_at
    
        link.update(
            description="Updated description",
            actual_execution_time=150.5,
        )
    
>       assert link.description == "Updated description"
E       AssertionError: assert 'Original description' == 'Updated description'
E         
E         - Updated description
E         + Original description

tests/researcher/environment/test_models.py:488: AssertionError
_________ TestEnvironmentService.test_task_environment_link_operations _________

self = <tests.researcher.environment.test_service.TestEnvironmentService object at 0x7496b009ebd0>

    def test_task_environment_link_operations(self):
        # Test various link operations
        env_id1 = self.service.create_environment_snapshot(
            name="Environment 1",
            environment_type=EnvironmentType.LOCAL,
        )
    
        env_id2 = self.service.create_environment_snapshot(
            name="Environment 2",
            environment_type=EnvironmentType.DOCKER,
        )
    
        # Create links for different tasks
        link_id1 = self.service.link_task_to_environment(
            task_id=self.task_id1,
            environment_id=env_id1,
            description="Link 1",
        )
    
        link_id2 = self.service.link_task_to_environment(
            task_id=self.task_id2,
            environment_id=env_id1,
            description="Link 2",
        )
    
        link_id3 = self.service.link_task_to_environment(
            task_id=self.task_id1,
            environment_id=env_id2,
            description="Link 3",
        )
    
        # Update a link
        update_result = self.service.update_task_environment_link(
            link_id=link_id1,
            description="Updated description",
            actual_execution_time=456.78,
        )
    
        updated_link = self.service.get_task_environment_link(link_id1)
    
        assert update_result is True
        assert updated_link.description == "Updated description"
        assert updated_link.actual_execution_time == 456.78
    
        # Add notes
        note_result = self.service.add_note_to_link(link_id1, "Test note")
    
        assert note_result is True
        link_with_note = self.service.get_task_environment_link(link_id1)
        assert len(link_with_note.notes) == 1
        assert link_with_note.notes[0] == "Test note"
    
        # Query operations
        task1_environments = self.service.get_environments_by_task(self.task_id1)
        assert len(task1_environments) == 2
        assert {env.id for env in task1_environments} == {env_id1, env_id2}
    
        task1_links = self.service.get_links_by_task(self.task_id1)
        assert len(task1_links) == 2
>       assert {link.id for link in task1_links} == {link_id1, link_id3}
E       AssertionError: assert {UUID('092672...af9f96b6e23')} == {'09267223-fd...4af9f96b6e23'}
E         
E         Extra items in the left set:
E         UUID('5d78debd-f7c2-4dfc-b073-4af9f96b6e23')
E         UUID('09267223-fd5d-46c4-99b0-8b569828bf48')
E         Extra items in the right set:
E         '09267223-fd5d-46c4-99b0-8b569828bf48'
E         '5d78debd-f7c2-4dfc-b073-4af9f96b6e23'
E         Use -v to get more diff

tests/researcher/environment/test_service.py:749: AssertionError
________ TestInMemoryEnvironmentStorage.test_create_and_get_environment ________

self = <tests.researcher.environment.test_storage.TestInMemoryEnvironmentStorage object at 0x7496b01a68d0>

    def test_create_and_get_environment(self):
        # Test creating and retrieving an environment
        env_id = self.storage.create_environment(self.environment1)
    
        retrieved_env = self.storage.get_environment(env_id)
    
        assert retrieved_env is not None
>       assert retrieved_env.id == env_id
E       AssertionError: assert UUID('8b3d780b-9783-4891-adfd-6e4f7f0f6781') == '8b3d780b-9783-4891-adfd-6e4f7f0f6781'
E        +  where UUID('8b3d780b-9783-4891-adfd-6e4f7f0f6781') = EnvironmentSnapshot(id=UUID('8b3d780b-9783-4891-adfd-6e4f7f0f6781'), created_at=datetime.datetime(2025, 8, 25, 11, 10,...e_type=None, git_commit=None, git_repository=None, git_branch=None, tags={'python', 'development'}, custom_metadata={}).id

tests/researcher/environment/test_storage.py:71: AssertionError
_____ TestInMemoryEnvironmentStorage.test_task_environment_link_operations _____

self = <tests.researcher.environment.test_storage.TestInMemoryEnvironmentStorage object at 0x7496b009e030>

    def test_task_environment_link_operations(self):
        # Test task-environment link CRUD operations
        env_id1 = self.storage.create_environment(self.environment1)
        env_id2 = self.storage.create_environment(self.environment2)
    
        # Create links
        link1 = TaskEnvironmentLink(
            task_id=self.task_id1,
            environment_id=env_id1,
            description="Link 1 description",
        )
    
        link2 = TaskEnvironmentLink(
            task_id=self.task_id1,
            environment_id=env_id2,
            description="Link 2 description",
        )
    
        link3 = TaskEnvironmentLink(
            task_id=self.task_id2,
            environment_id=env_id1,
            description="Link 3 description",
        )
    
        link_id1 = self.storage.create_task_environment_link(link1)
        link_id2 = self.storage.create_task_environment_link(link2)
        link_id3 = self.storage.create_task_environment_link(link3)
    
        # Test retrieving link
        retrieved_link = self.storage.get_task_environment_link(link_id1)
    
        assert retrieved_link is not None
>       assert retrieved_link.id == link_id1
E       AssertionError: assert UUID('8c48210a-f8e9-4151-b54b-895752cfea6a') == '8c48210a-f8e9-4151-b54b-895752cfea6a'
E        +  where UUID('8c48210a-f8e9-4151-b54b-895752cfea6a') = TaskEnvironmentLink(id=UUID('8c48210a-f8e9-4151-b54b-895752cfea6a'), created_at=datetime.datetime(2025, 8, 25, 11, 10,...ment_id='00227138-09ba-48ed-828a-d7059d83b02d', description='Link 1 description', actual_execution_time=None, notes=[]).id

tests/researcher/environment/test_storage.py:196: AssertionError
_ TestDatasetVersioningPerformance.test_complex_transformation_chain_performance _

self = <tests.researcher.performance.test_dataset_versioning_performance.TestDatasetVersioningPerformance object at 0x7496affee1b0>

    def test_complex_transformation_chain_performance(self):
        """Test performance with a complex chain of dataset transformations."""
        # Create a dataset
        dataset_id = self.service.create_dataset(
            name="Transformation Test Dataset",
            format=DatasetFormat.CSV,
            storage_type=DatasetStorageType.S3,
            location="s3://bucket/data.csv",
        )
    
        # Create a chain of 20 versions with transformations between them
        version_ids = []
        transformation_ids = []
    
        # Create first version
        first_version_id = self.service.create_dataset_version(
            dataset_id=dataset_id,
            version_number="1.0.0",
            location="s3://bucket/versions/1.0.0/data.csv",
        )
        version_ids.append(first_version_id)
    
        # Create chain of versions and transformations
        start_time = time.time()
    
        for i in range(1, 20):
            # Create next version
            next_version_id = self.service.create_dataset_version(
                dataset_id=dataset_id,
                version_number=f"1.{i}.0",
                location=f"s3://bucket/versions/1.{i}.0/data.csv",
                parent_version_id=version_ids[-1],
            )
            version_ids.append(next_version_id)
    
            # Create transformation between versions
            transformation_type = list(DataTransformationType)[i % len(list(DataTransformationType))]
            transformation_id = self.service.create_data_transformation(
                input_dataset_version_id=version_ids[-2],
                output_dataset_version_id=version_ids[-1],
                transformation_type=transformation_type,
                name=f"Transformation {i}",
                description=f"Transform data from version 1.{i-1}.0 to 1.{i}.0",
                parameters={
                    "param1": i,
                    "param2": f"value{i}",
                    "param3": [j for j in range(i)],
                },
            )
            transformation_ids.append(transformation_id)
    
        chain_creation_time = time.time() - start_time
        avg_chain_step_time = chain_creation_time / 19  # 19 pairs of versions
    
        # Test getting the complete lineage
        start_time = time.time()
        lineage = self.service.get_dataset_lineage(version_ids[-1])
        lineage_time = time.time() - start_time
    
        # Assert performance metrics
        assert avg_chain_step_time < 0.05, f"Average transformation chain step took {avg_chain_step_time:.6f}s, exceeding 50ms limit"
        assert lineage_time < 0.5, f"Complex lineage retrieval took {lineage_time:.6f}s, exceeding reasonable limit"
    
        # Verify lineage contains all versions and transformations
        assert len(lineage) == 20  # All 20 versions
    
        # The last version should have one input transformation and no output transformations
        last_version_entry = lineage[str(version_ids[-1])]
>       assert len(last_version_entry["input_transformations"]) == 1
E       assert 0 == 1
E        +  where 0 = len([])

tests/researcher/performance/test_dataset_versioning_performance.py:235: AssertionError
__________________ TestResearchQuestion.test_update_question ___________________

self = <tests.researcher.task_management.test_models.TestResearchQuestion object at 0x7496aff98740>

    def test_update_question(self):
        # Test updating fields
        question = ResearchQuestion(
            text="Original question",
            description="Original description",
        )
    
        original_updated_at = question.updated_at
    
        # Small delay to ensure updated_at will be different
        question.update(
            text="Updated question",
            description="Updated description",
        )
    
>       assert question.text == "Updated question"
E       AssertionError: assert 'Original question' == 'Updated question'
E         
E         - Updated question
E         + Original question

tests/researcher/task_management/test_models.py:55: AssertionError
______________________ TestResearchTask.test_update_task _______________________

self = <tests.researcher.task_management.test_models.TestResearchTask object at 0x7496aff981a0>

    def test_update_task(self):
        # Test updating fields
        task = ResearchTask(
            title="Original title",
            description="Original description",
            status=TaskStatus.PLANNED,
            priority=TaskPriority.MEDIUM,
        )
    
        original_updated_at = task.updated_at
    
        # Small delay to ensure updated_at will be different
        task.update(
            title="Updated title",
            description="Updated description",
            status=TaskStatus.IN_PROGRESS,
            priority=TaskPriority.HIGH,
            estimated_hours=5.0,
            actual_hours=2.5,
        )
    
>       assert task.title == "Updated title"
E       AssertionError: assert 'Original title' == 'Updated title'
E         
E         - Updated title
E         + Original title

tests/researcher/task_management/test_models.py:132: AssertionError
_____________________ TestResearchTask.test_complete_task ______________________

self = <tests.researcher.task_management.test_models.TestResearchTask object at 0x7496b0002cc0>

    def test_complete_task(self):
        # Test completing a task
        task = ResearchTask(
            title="Task to complete",
            description="This task will be marked as completed",
            status=TaskStatus.IN_PROGRESS,
        )
    
        assert task.completed_at is None
    
        task.update(status=TaskStatus.COMPLETED)
    
>       assert task.status == TaskStatus.COMPLETED
E       AssertionError: assert <TaskStatus.I...'in_progress'> == <TaskStatus.C...: 'completed'>
E         
E         - completed
E         + in_progress

tests/researcher/task_management/test_models.py:153: AssertionError
_________________ test_compliance_repository_update_framework __________________

self = <securetask.compliance.repository.ComplianceRepository object at 0x7496ae464470>
framework = ComplianceFramework(id='NON-EXISTENT', created_at=datetime.datetime(2025, 8, 25, 11, 10, 54, 178680), updated_at=datet... name='Non-existent Framework', description='This framework does not exist', version='1.0', controls=[], references=[])

    def update_framework(self, framework: ComplianceFramework) -> ComplianceFramework:
        """
        Update an existing compliance framework.
    
        Args:
            framework: The framework to update
    
        Returns:
            The updated framework
    
        Raises:
            FileNotFoundError: If the framework does not exist
            ValidationError: If validation fails
        """
        start_time = time.time()
    
        try:
            # Update using base service
            updated = self.update_with_validation(framework)
            if updated is None:
>               raise FileNotFoundError(f"Framework not found: {framework.id}")
E               FileNotFoundError: Framework not found: NON-EXISTENT

securetask/compliance/repository.py:350: FileNotFoundError

During handling of the above exception, another exception occurred:

temp_dir = '/tmp/tmphur0oyrw'

    def test_compliance_repository_update_framework(temp_dir):
        """Test updating a compliance framework."""
        repo = ComplianceRepository(temp_dir)
    
        # Create a framework
        framework = repo.create_framework(
            id="PCI-DSS-4.0",
            name="Payment Card Industry Data Security Standard",
            description="Standard for organizations that handle credit cards",
            version="4.0"
        )
    
        # Update the framework
        framework.description = "Updated description for PCI DSS"
        framework.tags = ["payment", "security"]
    
        updated = repo.update_framework(framework)
    
        assert updated.description == "Updated description for PCI DSS"
        assert len(updated.tags) == 2
    
        # Retrieve the framework to confirm updates were saved
        retrieved = repo.get_framework("PCI-DSS-4.0")
    
        assert retrieved.description == "Updated description for PCI DSS"
        assert len(retrieved.tags) == 2
    
        # Updating non-existent framework should fail
        non_existent = ComplianceFramework(
            id="NON-EXISTENT",
            name="Non-existent Framework",
            description="This framework does not exist",
            version="1.0"
        )
    
        with pytest.raises(FileNotFoundError):
>           repo.update_framework(non_existent)

tests/security_analyst/compliance/test_compliance.py:495: 
_ _ _ _ _ _ _ _ _ _ _ _ _ _ _ _ _ _ _ _ _ _ _ _ _ _ _ _ _ _ _ _ _ _ _ _ _ _ _ _ 

self = <securetask.compliance.repository.ComplianceRepository object at 0x7496ae464470>
framework = ComplianceFramework(id='NON-EXISTENT', created_at=datetime.datetime(2025, 8, 25, 11, 10, 54, 178680), updated_at=datet... name='Non-existent Framework', description='This framework does not exist', version='1.0', controls=[], references=[])

    def update_framework(self, framework: ComplianceFramework) -> ComplianceFramework:
        """
        Update an existing compliance framework.
    
        Args:
            framework: The framework to update
    
        Returns:
            The updated framework
    
        Raises:
            FileNotFoundError: If the framework does not exist
            ValidationError: If validation fails
        """
        start_time = time.time()
    
        try:
            # Update using base service
            updated = self.update_with_validation(framework)
            if updated is None:
                raise FileNotFoundError(f"Framework not found: {framework.id}")
    
            # Update mapping
            self.mapping.add_framework(updated)
    
            execution_time = time.time() - start_time
            if execution_time > 0.05:  # 50ms
                print(f"Warning: Framework update took {execution_time*1000:.2f}ms")
    
            return updated
    
        except Exception as e:
>           raise SecureValidationError(str(e))
E           securetask.utils.validation.ValidationError: Framework not found: NON-EXISTENT

securetask/compliance/repository.py:362: ValidationError
__________________ test_compliance_repository_list_and_count ___________________

temp_dir = '/tmp/tmpwk5qiu1g'

    def test_compliance_repository_list_and_count(temp_dir):
        """Test listing and counting frameworks."""
        repo = ComplianceRepository(temp_dir)
    
        # Create multiple frameworks
        repo.create_framework(
            id="PCI-DSS-4.0",
            name="Payment Card Industry Data Security Standard",
            description="Standard for organizations that handle credit cards",
            version="4.0",
            tags=["payment", "security"]
        )
    
        repo.create_framework(
            id="NIST-800-53",
            name="NIST Security Controls",
            description="Security controls from NIST SP 800-53",
            version="5",
            tags=["government", "security"]
        )
    
        repo.create_framework(
            id="ISO-27001",
            name="ISO Information Security Standard",
            description="International standard for information security",
            version="2022",
            tags=["international", "security"]
        )
    
        # List all frameworks
>       all_frameworks = repo.list_frameworks()
                         ^^^^^^^^^^^^^^^^^^^^^^

tests/security_analyst/compliance/test_compliance.py:558: 
_ _ _ _ _ _ _ _ _ _ _ _ _ _ _ _ _ _ _ _ _ _ _ _ _ _ _ _ _ _ _ _ _ _ _ _ _ _ _ _ 
securetask/compliance/repository.py:565: in list_frameworks
    return self.list(
securetask/compliance/repository.py:814: in list
    return self.list_frameworks(*args, **kwargs)
           ^^^^^^^^^^^^^^^^^^^^^^^^^^^^^^^^^^^^^
securetask/compliance/repository.py:565: in list_frameworks
    return self.list(
E   RecursionError: maximum recursion depth exceeded
!!! Recursion detected (same locals & position)
_________________ test_compliance_repository_import_framework __________________

temp_dir = '/tmp/tmpk_ovmvh7'

    def test_compliance_repository_import_framework(temp_dir):
        """Test importing a framework from a dictionary."""
        repo = ComplianceRepository(temp_dir)
    
        # Create a framework dictionary
        framework_dict = {
            "id": "PCI-DSS-4.0",
            "name": "Payment Card Industry Data Security Standard",
            "description": "Standard for organizations that handle credit cards",
            "version": "4.0",
            "controls": [
                {
                    "id": "PCI-DSS-6.5.1",
                    "name": "Injection Flaws",
                    "description": "Prevent injection flaws, particularly SQL injection",
                    "section": "6.5.1",
                    "guidance": "Use parameterized queries and input validation"
                },
                {
                    "id": "PCI-DSS-6.5.2",
                    "name": "Buffer Overflows",
                    "description": "Prevent buffer overflows",
                    "section": "6.5.2",
                    "guidance": "Use safe string functions and boundary checking"
                }
            ],
            "references": [
                {
                    "title": "PCI SSC Website",
                    "url": "https://www.pcisecuritystandards.org/"
                }
            ],
            "tags": ["payment", "card", "security"]
        }
    
        # Import the framework
        framework = repo.import_framework_from_dict(framework_dict)
    
        assert framework.id == "PCI-DSS-4.0"
        assert framework.name == "Payment Card Industry Data Security Standard"
        assert len(framework.controls) == 2
        assert len(framework.references) == 1
        assert len(framework.tags) == 3
    
        # Verify it was saved and can be retrieved
        retrieved = repo.get_framework("PCI-DSS-4.0")
    
        assert retrieved.id == "PCI-DSS-4.0"
        assert len(retrieved.controls) == 2
    
        # This is a valid framework
        valid_framework = ComplianceFramework(
            id="HIPAA",
            name="Health Insurance Portability and Accountability Act",
            description="US healthcare privacy law",
            version="2.0"
        )
    
        # Let's create a serialized version of the valid framework
>       valid_dict = valid_framework.model_dump()
                     ^^^^^^^^^^^^^^^^^^^^^^^^^^
E       AttributeError: 'ComplianceFramework' object has no attribute 'model_dump'

tests/security_analyst/compliance/test_compliance.py:645: AttributeError
_______________________________ test_finding_get _______________________________

temp_dir = '/tmp/tmpkxobutq4'

    def test_finding_get(temp_dir):
        """Test retrieving a security finding."""
        repo = FindingRepository(temp_dir)
    
        # Create a finding to retrieve
        finding = Finding(
            title="SQL Injection in Login Form",
            description="The login form is vulnerable to SQL injection",
            affected_systems=["web-app-01", "web-app-02"],
            discovered_by="security-analyst",
            severity="high"
        )
    
        repo.create(finding)
    
        # Get the finding
>       retrieved = repo.get(finding.id)
                    ^^^^^^^^^^^^^^^^^^^^

tests/security_analyst/findings/test_findings.py:88: 
_ _ _ _ _ _ _ _ _ _ _ _ _ _ _ _ _ _ _ _ _ _ _ _ _ _ _ _ _ _ _ _ _ _ _ _ _ _ _ _ 
securetask/findings/repository.py:375: in get
    finding = self.get_finding(finding_id)
              ^^^^^^^^^^^^^^^^^^^^^^^^^^^^
securetask/findings/repository.py:275: in get_finding
    finding = self.get(finding_id)
              ^^^^^^^^^^^^^^^^^^^^
securetask/findings/repository.py:375: in get
    finding = self.get_finding(finding_id)
              ^^^^^^^^^^^^^^^^^^^^^^^^^^^^
E   RecursionError: maximum recursion depth exceeded
!!! Recursion detected (same locals & position)
_____________________________ test_finding_update ______________________________

temp_dir = '/tmp/tmp3h67hsq6'

    def test_finding_update(temp_dir):
        """Test updating a security finding."""
        repo = FindingRepository(temp_dir)
    
        # Create a finding to update
        finding = Finding(
            title="SQL Injection in Login Form",
            description="The login form is vulnerable to SQL injection",
            affected_systems=["web-app-01"],
            discovered_by="security-analyst",
            severity="high"
        )
    
        repo.create(finding)
    
        # Update the finding
        finding.title = "Updated SQL Injection Finding"
        finding.affected_systems.append("web-app-03")
        finding.status = "in_progress"
    
        updated = repo.update(finding)
    
        # Verify updates
        assert updated.title == "Updated SQL Injection Finding"
        assert len(updated.affected_systems) == 2
        assert "web-app-03" in updated.affected_systems
        assert updated.status == "in_progress"
    
        # Retrieve again to verify persistence
>       retrieved = repo.get(finding.id)
                    ^^^^^^^^^^^^^^^^^^^^

tests/security_analyst/findings/test_findings.py:127: 
_ _ _ _ _ _ _ _ _ _ _ _ _ _ _ _ _ _ _ _ _ _ _ _ _ _ _ _ _ _ _ _ _ _ _ _ _ _ _ _ 
securetask/findings/repository.py:375: in get
    finding = self.get_finding(finding_id)
              ^^^^^^^^^^^^^^^^^^^^^^^^^^^^
securetask/findings/repository.py:275: in get_finding
    finding = self.get(finding_id)
              ^^^^^^^^^^^^^^^^^^^^
securetask/findings/repository.py:375: in get
    finding = self.get_finding(finding_id)
              ^^^^^^^^^^^^^^^^^^^^^^^^^^^^
E   RecursionError: maximum recursion depth exceeded
!!! Recursion detected (same locals & position)
_____________________________ test_finding_delete ______________________________

temp_dir = '/tmp/tmp8cdflgf4'

    def test_finding_delete(temp_dir):
        """Test deleting a security finding."""
        repo = FindingRepository(temp_dir)
    
        # Create a finding to delete
        finding = Finding(
            title="SQL Injection in Login Form",
            description="The login form is vulnerable to SQL injection",
            affected_systems=["web-app-01"],
            discovered_by="security-analyst",
            severity="high"
        )
    
        repo.create(finding)
    
        # Verify file exists
        file_path = os.path.join(temp_dir, "findings", f"{finding.id}.json.enc")
        assert os.path.exists(file_path)
    
        # Delete the finding
        deleted = repo.delete(finding.id)
        assert deleted == True
    
        # Verify file was deleted
        assert not os.path.exists(file_path)
    
        # Verify get raises error
        with pytest.raises(FileNotFoundError):
>           repo.get(finding.id)

tests/security_analyst/findings/test_findings.py:161: 
_ _ _ _ _ _ _ _ _ _ _ _ _ _ _ _ _ _ _ _ _ _ _ _ _ _ _ _ _ _ _ _ _ _ _ _ _ _ _ _ 
securetask/findings/repository.py:375: in get
    finding = self.get_finding(finding_id)
              ^^^^^^^^^^^^^^^^^^^^^^^^^^^^
securetask/findings/repository.py:275: in get_finding
    finding = self.get(finding_id)
              ^^^^^^^^^^^^^^^^^^^^
securetask/findings/repository.py:375: in get
    finding = self.get_finding(finding_id)
              ^^^^^^^^^^^^^^^^^^^^^^^^^^^^
E   RecursionError: maximum recursion depth exceeded
!!! Recursion detected (same locals & position)
_________________________ test_finding_list_and_filter _________________________

temp_dir = '/tmp/tmpq_ovcmey'

    def test_finding_list_and_filter(temp_dir):
        """Test listing and filtering security findings."""
        repo = FindingRepository(temp_dir)
    
        # Create multiple findings
        finding1 = Finding(
            title="SQL Injection in Login Form",
            description="The login form is vulnerable to SQL injection",
            affected_systems=["web-app-01"],
            discovered_by="analyst1",
            severity="high"
        )
    
        finding2 = Finding(
            title="Cross-Site Scripting in Comments",
            description="The comments section is vulnerable to XSS",
            affected_systems=["web-app-02"],
            discovered_by="analyst2",
            severity="medium"
        )
    
        finding3 = Finding(
            title="Insecure Direct Object References",
            description="IDOR vulnerability in user profile page",
            affected_systems=["web-app-01", "web-app-02"],
            discovered_by="analyst1",
            severity="critical"
        )
    
        # Discovered 1 day ago
        yesterday = datetime.now() - timedelta(days=1)
        finding1.discovered_date = yesterday
    
        repo.create(finding1)
        repo.create(finding2)
        repo.create(finding3)
    
        # List all findings
>       all_findings = repo.list()
                       ^^^^^^^^^^^

tests/security_analyst/findings/test_findings.py:205: 
_ _ _ _ _ _ _ _ _ _ _ _ _ _ _ _ _ _ _ _ _ _ _ _ _ _ _ _ _ _ _ _ _ _ _ _ _ _ _ _ 
securetask/findings/repository.py:393: in list
    return self.list_findings(*args, **kwargs)
           ^^^^^^^^^^^^^^^^^^^^^^^^^^^^^^^^^^^
securetask/findings/repository.py:348: in list_findings
    return self.list(
securetask/findings/repository.py:393: in list
    return self.list_findings(*args, **kwargs)
           ^^^^^^^^^^^^^^^^^^^^^^^^^^^^^^^^^^^
securetask/findings/repository.py:348: in list_findings
    return self.list(
securetask/findings/repository.py:393: in list
    return self.list_findings(*args, **kwargs)
           ^^^^^^^^^^^^^^^^^^^^^^^^^^^^^^^^^^^
securetask/findings/repository.py:348: in list_findings
    return self.list(
securetask/findings/repository.py:393: in list
    return self.list_findings(*args, **kwargs)
           ^^^^^^^^^^^^^^^^^^^^^^^^^^^^^^^^^^^
securetask/findings/repository.py:348: in list_findings
    return self.list(
securetask/findings/repository.py:393: in list
    return self.list_findings(*args, **kwargs)
           ^^^^^^^^^^^^^^^^^^^^^^^^^^^^^^^^^^^
securetask/findings/repository.py:348: in list_findings
    return self.list(
securetask/findings/repository.py:393: in list
    return self.list_findings(*args, **kwargs)
           ^^^^^^^^^^^^^^^^^^^^^^^^^^^^^^^^^^^
securetask/findings/repository.py:348: in list_findings
    return self.list(
securetask/findings/repository.py:393: in list
    return self.list_findings(*args, **kwargs)
           ^^^^^^^^^^^^^^^^^^^^^^^^^^^^^^^^^^^
securetask/findings/repository.py:348: in list_findings
    return self.list(
securetask/findings/repository.py:393: in list
    return self.list_findings(*args, **kwargs)
           ^^^^^^^^^^^^^^^^^^^^^^^^^^^^^^^^^^^
securetask/findings/repository.py:348: in list_findings
    return self.list(
securetask/findings/repository.py:393: in list
    return self.list_findings(*args, **kwargs)
           ^^^^^^^^^^^^^^^^^^^^^^^^^^^^^^^^^^^
securetask/findings/repository.py:348: in list_findings
    return self.list(
securetask/findings/repository.py:393: in list
    return self.list_findings(*args, **kwargs)
           ^^^^^^^^^^^^^^^^^^^^^^^^^^^^^^^^^^^
securetask/findings/repository.py:348: in list_findings
    return self.list(
securetask/findings/repository.py:393: in list
    return self.list_findings(*args, **kwargs)
           ^^^^^^^^^^^^^^^^^^^^^^^^^^^^^^^^^^^
securetask/findings/repository.py:348: in list_findings
    return self.list(
securetask/findings/repository.py:393: in list
    return self.list_findings(*args, **kwargs)
           ^^^^^^^^^^^^^^^^^^^^^^^^^^^^^^^^^^^
securetask/findings/repository.py:348: in list_findings
    return self.list(
securetask/findings/repository.py:393: in list
    return self.list_findings(*args, **kwargs)
           ^^^^^^^^^^^^^^^^^^^^^^^^^^^^^^^^^^^
securetask/findings/repository.py:348: in list_findings
    return self.list(
securetask/findings/repository.py:393: in list
    return self.list_findings(*args, **kwargs)
           ^^^^^^^^^^^^^^^^^^^^^^^^^^^^^^^^^^^
securetask/findings/repository.py:348: in list_findings
    return self.list(
securetask/findings/repository.py:393: in list
    return self.list_findings(*args, **kwargs)
           ^^^^^^^^^^^^^^^^^^^^^^^^^^^^^^^^^^^
securetask/findings/repository.py:348: in list_findings
    return self.list(
securetask/findings/repository.py:393: in list
    return self.list_findings(*args, **kwargs)
           ^^^^^^^^^^^^^^^^^^^^^^^^^^^^^^^^^^^
securetask/findings/repository.py:348: in list_findings
    return self.list(
securetask/findings/repository.py:393: in list
    return self.list_findings(*args, **kwargs)
           ^^^^^^^^^^^^^^^^^^^^^^^^^^^^^^^^^^^
securetask/findings/repository.py:348: in list_findings
    return self.list(
securetask/findings/repository.py:393: in list
    return self.list_findings(*args, **kwargs)
           ^^^^^^^^^^^^^^^^^^^^^^^^^^^^^^^^^^^
securetask/findings/repository.py:348: in list_findings
    return self.list(
securetask/findings/repository.py:393: in list
    return self.list_findings(*args, **kwargs)
           ^^^^^^^^^^^^^^^^^^^^^^^^^^^^^^^^^^^
securetask/findings/repository.py:348: in list_findings
    return self.list(
securetask/findings/repository.py:393: in list
    return self.list_findings(*args, **kwargs)
           ^^^^^^^^^^^^^^^^^^^^^^^^^^^^^^^^^^^
securetask/findings/repository.py:348: in list_findings
    return self.list(
securetask/findings/repository.py:393: in list
    return self.list_findings(*args, **kwargs)
           ^^^^^^^^^^^^^^^^^^^^^^^^^^^^^^^^^^^
securetask/findings/repository.py:348: in list_findings
    return self.list(
securetask/findings/repository.py:393: in list
    return self.list_findings(*args, **kwargs)
           ^^^^^^^^^^^^^^^^^^^^^^^^^^^^^^^^^^^
securetask/findings/repository.py:348: in list_findings
    return self.list(
securetask/findings/repository.py:393: in list
    return self.list_findings(*args, **kwargs)
           ^^^^^^^^^^^^^^^^^^^^^^^^^^^^^^^^^^^
securetask/findings/repository.py:348: in list_findings
    return self.list(
securetask/findings/repository.py:393: in list
    return self.list_findings(*args, **kwargs)
           ^^^^^^^^^^^^^^^^^^^^^^^^^^^^^^^^^^^
securetask/findings/repository.py:348: in list_findings
    return self.list(
securetask/findings/repository.py:393: in list
    return self.list_findings(*args, **kwargs)
           ^^^^^^^^^^^^^^^^^^^^^^^^^^^^^^^^^^^
securetask/findings/repository.py:348: in list_findings
    return self.list(
securetask/findings/repository.py:393: in list
    return self.list_findings(*args, **kwargs)
           ^^^^^^^^^^^^^^^^^^^^^^^^^^^^^^^^^^^
securetask/findings/repository.py:348: in list_findings
    return self.list(
securetask/findings/repository.py:393: in list
    return self.list_findings(*args, **kwargs)
           ^^^^^^^^^^^^^^^^^^^^^^^^^^^^^^^^^^^
securetask/findings/repository.py:348: in list_findings
    return self.list(
securetask/findings/repository.py:393: in list
    return self.list_findings(*args, **kwargs)
           ^^^^^^^^^^^^^^^^^^^^^^^^^^^^^^^^^^^
securetask/findings/repository.py:348: in list_findings
    return self.list(
securetask/findings/repository.py:393: in list
    return self.list_findings(*args, **kwargs)
           ^^^^^^^^^^^^^^^^^^^^^^^^^^^^^^^^^^^
securetask/findings/repository.py:348: in list_findings
    return self.list(
securetask/findings/repository.py:393: in list
    return self.list_findings(*args, **kwargs)
           ^^^^^^^^^^^^^^^^^^^^^^^^^^^^^^^^^^^
securetask/findings/repository.py:348: in list_findings
    return self.list(
securetask/findings/repository.py:393: in list
    return self.list_findings(*args, **kwargs)
           ^^^^^^^^^^^^^^^^^^^^^^^^^^^^^^^^^^^
securetask/findings/repository.py:348: in list_findings
    return self.list(
securetask/findings/repository.py:393: in list
    return self.list_findings(*args, **kwargs)
           ^^^^^^^^^^^^^^^^^^^^^^^^^^^^^^^^^^^
securetask/findings/repository.py:348: in list_findings
    return self.list(
securetask/findings/repository.py:393: in list
    return self.list_findings(*args, **kwargs)
           ^^^^^^^^^^^^^^^^^^^^^^^^^^^^^^^^^^^
securetask/findings/repository.py:348: in list_findings
    return self.list(
securetask/findings/repository.py:393: in list
    return self.list_findings(*args, **kwargs)
           ^^^^^^^^^^^^^^^^^^^^^^^^^^^^^^^^^^^
securetask/findings/repository.py:348: in list_findings
    return self.list(
securetask/findings/repository.py:393: in list
    return self.list_findings(*args, **kwargs)
           ^^^^^^^^^^^^^^^^^^^^^^^^^^^^^^^^^^^
securetask/findings/repository.py:348: in list_findings
    return self.list(
securetask/findings/repository.py:393: in list
    return self.list_findings(*args, **kwargs)
           ^^^^^^^^^^^^^^^^^^^^^^^^^^^^^^^^^^^
securetask/findings/repository.py:348: in list_findings
    return self.list(
securetask/findings/repository.py:393: in list
    return self.list_findings(*args, **kwargs)
           ^^^^^^^^^^^^^^^^^^^^^^^^^^^^^^^^^^^
securetask/findings/repository.py:348: in list_findings
    return self.list(
securetask/findings/repository.py:393: in list
    return self.list_findings(*args, **kwargs)
           ^^^^^^^^^^^^^^^^^^^^^^^^^^^^^^^^^^^
securetask/findings/repository.py:348: in list_findings
    return self.list(
securetask/findings/repository.py:393: in list
    return self.list_findings(*args, **kwargs)
           ^^^^^^^^^^^^^^^^^^^^^^^^^^^^^^^^^^^
securetask/findings/repository.py:348: in list_findings
    return self.list(
securetask/findings/repository.py:393: in list
    return self.list_findings(*args, **kwargs)
           ^^^^^^^^^^^^^^^^^^^^^^^^^^^^^^^^^^^
securetask/findings/repository.py:348: in list_findings
    return self.list(
securetask/findings/repository.py:393: in list
    return self.list_findings(*args, **kwargs)
           ^^^^^^^^^^^^^^^^^^^^^^^^^^^^^^^^^^^
securetask/findings/repository.py:348: in list_findings
    return self.list(
securetask/findings/repository.py:393: in list
    return self.list_findings(*args, **kwargs)
           ^^^^^^^^^^^^^^^^^^^^^^^^^^^^^^^^^^^
securetask/findings/repository.py:348: in list_findings
    return self.list(
securetask/findings/repository.py:393: in list
    return self.list_findings(*args, **kwargs)
           ^^^^^^^^^^^^^^^^^^^^^^^^^^^^^^^^^^^
securetask/findings/repository.py:348: in list_findings
    return self.list(
securetask/findings/repository.py:393: in list
    return self.list_findings(*args, **kwargs)
           ^^^^^^^^^^^^^^^^^^^^^^^^^^^^^^^^^^^
securetask/findings/repository.py:348: in list_findings
    return self.list(
[...]
            "Authorization Bypass", "Information Disclosure", "Remote Code Execution",
            "Command Injection", "Insecure Cryptography", "Insecure Communication",
            "Improper Access Control", "Default Credentials", "Session Fixation",
            "Business Logic Vulnerability", "Race Condition", "Integer Overflow",
            "Unvalidated Redirect", "Insecure Deserialization"
        ]
    
        vulnerability_type = random.choice(finding_types)
        title = f"{vulnerability_type} in {random.choice(['Login', 'Search', 'Admin', 'User', 'Payment', 'API', 'Profile', 'Settings', 'Checkout'])} {random.choice(['Page', 'Module', 'Function', 'Feature', 'Service', 'Endpoint'])}"
    
        # Generate a more detailed description
        description = generate_lorem_ipsum(paragraphs=random.randint(2, 5), sentences_per_paragraph=random.randint(3, 8))
    
        # Generate remediation details if status is remediated
        remediation_details = None
        remediation_date = None
        if random.choice(statuses) == "remediated":
            remediation_details = generate_lorem_ipsum(paragraphs=1, sentences_per_paragraph=random.randint(2, 5))
            remediation_date = discovered_date + timedelta(days=random.randint(1, 90))
    
        # Create a remediation plan for most findings
        remediation_plan = None
        if random.random() > 0.2:  # 80% chance to have a remediation plan
            remediation_plan = generate_lorem_ipsum(paragraphs=1, sentences_per_paragraph=random.randint(2, 5))
    
        # Build the finding with valid fields
        finding_data = {
            "id": str(uuid.uuid4()),
            "title": title,
            "description": description,
            "affected_systems": affected_systems,
            "discovered_date": discovered_date,
            "discovered_by": random.choice(["security_analyst", "penetration_tester", "security_scanner", "developer", "auditor"]),
            "status": random.choice(statuses),
            "severity": random.choice(severities),
            "cvss_vector": f"CVSS:3.1/AV:N/AC:L/PR:N/UI:N/S:U/C:H/I:H/A:H",  # Simplified for tests
            "cvss_score": cvss_score,
            "cvss_severity": cvss_severity,
            "remediation_plan": remediation_plan,
            "tags": [random.choice(["web", "api", "database", "network", "authentication", "authorization", "input-validation"])
                    for _ in range(random.randint(1, 5))],
            "references": [],
            "notes": [],
            "evidence_ids": [],
            "compliance_controls": []
        }
    
        # Add optional fields if they have values
        if remediation_date:
            finding_data["remediation_date"] = remediation_date
            finding_data["remediated_by"] = "remediation_engineer"
    
>       return Finding(**finding_data)
               ^^^^^^^^^^^^^^^^^^^^^^^
E       TypeError: Finding.__init__() got an unexpected keyword argument 'status'

tests/security_analyst/test_stress.py:192: TypeError
_______________________ test_large_compliance_framework ________________________

stress_test_env = {'base_dir': '/tmp/tmp7zt8tnlu', 'compliance_repo': <securetask.compliance.repository.ComplianceRepository object at 0...r object at 0x7496add59730>, 'evidence_vault': <securetask.evidence.vault.EvidenceVault object at 0x7496add59c40>, ...}

    def test_large_compliance_framework(stress_test_env):
        """Test compliance framework with many controls, frameworks, and mappings."""
        env = stress_test_env
        framework_count = 5
        controls_per_framework = 50
        findings_count = 100
    
        # Create findings first
        findings = []
        finding_ids = []
    
        for i in range(findings_count):
>           finding = create_random_finding(i)
                      ^^^^^^^^^^^^^^^^^^^^^^^^

tests/security_analyst/test_stress.py:447: 
_ _ _ _ _ _ _ _ _ _ _ _ _ _ _ _ _ _ _ _ _ _ _ _ _ _ _ _ _ _ _ _ _ _ _ _ _ _ _ _ 

index = 0, created_days_ago = 42

    def create_random_finding(index: int, created_days_ago: Optional[int] = None) -> Finding:
        """Create a random finding for stress testing."""
        severities = ["critical", "high", "medium", "low", "info"]
        statuses = ["open", "in_progress", "remediated", "false_positive", "closed"]
    
        affected_systems = []
        system_count = random.randint(1, 5)
        for i in range(system_count):
            system_type = random.choice(["web", "app", "db", "api", "auth", "proxy", "storage"])
            system_id = random.randint(1, 20)
            affected_systems.append(f"{system_type}-server-{system_id}.example.com")
    
        # Generate discovery date
        if created_days_ago is None:
            created_days_ago = random.randint(1, 365)
        discovered_date = datetime.now() - timedelta(days=created_days_ago)
    
        # Random CVSS score
        cvss_score = round(random.uniform(0.1, 10.0), 1)
    
        # Determine CVSS severity based on score
        if cvss_score >= 9.0:
            cvss_severity = "Critical"
        elif cvss_score >= 7.0:
            cvss_severity = "High"
        elif cvss_score >= 4.0:
            cvss_severity = "Medium"
        elif cvss_score >= 0.1:
            cvss_severity = "Low"
        else:
            cvss_severity = "None"
    
        # Generate a somewhat realistic finding with template
        finding_types = [
            "SQL Injection", "Cross-Site Scripting", "Cross-Site Request Forgery",
            "Server Misconfiguration", "Insecure Direct Object Reference", "Authentication Bypass",
            "Authorization Bypass", "Information Disclosure", "Remote Code Execution",
            "Command Injection", "Insecure Cryptography", "Insecure Communication",
            "Improper Access Control", "Default Credentials", "Session Fixation",
            "Business Logic Vulnerability", "Race Condition", "Integer Overflow",
            "Unvalidated Redirect", "Insecure Deserialization"
        ]
    
        vulnerability_type = random.choice(finding_types)
        title = f"{vulnerability_type} in {random.choice(['Login', 'Search', 'Admin', 'User', 'Payment', 'API', 'Profile', 'Settings', 'Checkout'])} {random.choice(['Page', 'Module', 'Function', 'Feature', 'Service', 'Endpoint'])}"
    
        # Generate a more detailed description
        description = generate_lorem_ipsum(paragraphs=random.randint(2, 5), sentences_per_paragraph=random.randint(3, 8))
    
        # Generate remediation details if status is remediated
        remediation_details = None
        remediation_date = None
        if random.choice(statuses) == "remediated":
            remediation_details = generate_lorem_ipsum(paragraphs=1, sentences_per_paragraph=random.randint(2, 5))
            remediation_date = discovered_date + timedelta(days=random.randint(1, 90))
    
        # Create a remediation plan for most findings
        remediation_plan = None
        if random.random() > 0.2:  # 80% chance to have a remediation plan
            remediation_plan = generate_lorem_ipsum(paragraphs=1, sentences_per_paragraph=random.randint(2, 5))
    
        # Build the finding with valid fields
        finding_data = {
            "id": str(uuid.uuid4()),
            "title": title,
            "description": description,
            "affected_systems": affected_systems,
            "discovered_date": discovered_date,
            "discovered_by": random.choice(["security_analyst", "penetration_tester", "security_scanner", "developer", "auditor"]),
            "status": random.choice(statuses),
            "severity": random.choice(severities),
            "cvss_vector": f"CVSS:3.1/AV:N/AC:L/PR:N/UI:N/S:U/C:H/I:H/A:H",  # Simplified for tests
            "cvss_score": cvss_score,
            "cvss_severity": cvss_severity,
            "remediation_plan": remediation_plan,
            "tags": [random.choice(["web", "api", "database", "network", "authentication", "authorization", "input-validation"])
                    for _ in range(random.randint(1, 5))],
            "references": [],
            "notes": [],
            "evidence_ids": [],
            "compliance_controls": []
        }
    
        # Add optional fields if they have values
        if remediation_date:
            finding_data["remediation_date"] = remediation_date
            finding_data["remediated_by"] = "remediation_engineer"
    
>       return Finding(**finding_data)
               ^^^^^^^^^^^^^^^^^^^^^^^
E       TypeError: Finding.__init__() got an unexpected keyword argument 'status'

tests/security_analyst/test_stress.py:192: TypeError
_________________________ test_large_report_generation _________________________

stress_test_env = {'base_dir': '/tmp/tmpytqd7js8', 'compliance_repo': <securetask.compliance.repository.ComplianceRepository object at 0...r object at 0x7496ae1ab800>, 'evidence_vault': <securetask.evidence.vault.EvidenceVault object at 0x7496ae1a86b0>, ...}

    def test_large_report_generation(stress_test_env):
        """Test report generation with a large number of findings and evidence."""
        env = stress_test_env
    
        # Create a large set of findings
        findings_count = 200
        findings = []
        finding_ids = []
    
        for i in range(findings_count):
>           finding = create_random_finding(i)
                      ^^^^^^^^^^^^^^^^^^^^^^^^

tests/security_analyst/test_stress.py:575: 
_ _ _ _ _ _ _ _ _ _ _ _ _ _ _ _ _ _ _ _ _ _ _ _ _ _ _ _ _ _ _ _ _ _ _ _ _ _ _ _ 

index = 0, created_days_ago = 194

    def create_random_finding(index: int, created_days_ago: Optional[int] = None) -> Finding:
        """Create a random finding for stress testing."""
        severities = ["critical", "high", "medium", "low", "info"]
        statuses = ["open", "in_progress", "remediated", "false_positive", "closed"]
    
        affected_systems = []
        system_count = random.randint(1, 5)
        for i in range(system_count):
            system_type = random.choice(["web", "app", "db", "api", "auth", "proxy", "storage"])
            system_id = random.randint(1, 20)
            affected_systems.append(f"{system_type}-server-{system_id}.example.com")
    
        # Generate discovery date
        if created_days_ago is None:
            created_days_ago = random.randint(1, 365)
        discovered_date = datetime.now() - timedelta(days=created_days_ago)
    
        # Random CVSS score
        cvss_score = round(random.uniform(0.1, 10.0), 1)
    
        # Determine CVSS severity based on score
        if cvss_score >= 9.0:
            cvss_severity = "Critical"
        elif cvss_score >= 7.0:
            cvss_severity = "High"
        elif cvss_score >= 4.0:
            cvss_severity = "Medium"
        elif cvss_score >= 0.1:
            cvss_severity = "Low"
        else:
            cvss_severity = "None"
    
        # Generate a somewhat realistic finding with template
        finding_types = [
            "SQL Injection", "Cross-Site Scripting", "Cross-Site Request Forgery",
            "Server Misconfiguration", "Insecure Direct Object Reference", "Authentication Bypass",
            "Authorization Bypass", "Information Disclosure", "Remote Code Execution",
            "Command Injection", "Insecure Cryptography", "Insecure Communication",
            "Improper Access Control", "Default Credentials", "Session Fixation",
            "Business Logic Vulnerability", "Race Condition", "Integer Overflow",
            "Unvalidated Redirect", "Insecure Deserialization"
        ]
    
        vulnerability_type = random.choice(finding_types)
        title = f"{vulnerability_type} in {random.choice(['Login', 'Search', 'Admin', 'User', 'Payment', 'API', 'Profile', 'Settings', 'Checkout'])} {random.choice(['Page', 'Module', 'Function', 'Feature', 'Service', 'Endpoint'])}"
    
        # Generate a more detailed description
        description = generate_lorem_ipsum(paragraphs=random.randint(2, 5), sentences_per_paragraph=random.randint(3, 8))
    
        # Generate remediation details if status is remediated
        remediation_details = None
        remediation_date = None
        if random.choice(statuses) == "remediated":
            remediation_details = generate_lorem_ipsum(paragraphs=1, sentences_per_paragraph=random.randint(2, 5))
            remediation_date = discovered_date + timedelta(days=random.randint(1, 90))
    
        # Create a remediation plan for most findings
        remediation_plan = None
        if random.random() > 0.2:  # 80% chance to have a remediation plan
            remediation_plan = generate_lorem_ipsum(paragraphs=1, sentences_per_paragraph=random.randint(2, 5))
    
        # Build the finding with valid fields
        finding_data = {
            "id": str(uuid.uuid4()),
            "title": title,
            "description": description,
            "affected_systems": affected_systems,
            "discovered_date": discovered_date,
            "discovered_by": random.choice(["security_analyst", "penetration_tester", "security_scanner", "developer", "auditor"]),
            "status": random.choice(statuses),
            "severity": random.choice(severities),
            "cvss_vector": f"CVSS:3.1/AV:N/AC:L/PR:N/UI:N/S:U/C:H/I:H/A:H",  # Simplified for tests
            "cvss_score": cvss_score,
            "cvss_severity": cvss_severity,
            "remediation_plan": remediation_plan,
            "tags": [random.choice(["web", "api", "database", "network", "authentication", "authorization", "input-validation"])
                    for _ in range(random.randint(1, 5))],
            "references": [],
            "notes": [],
            "evidence_ids": [],
            "compliance_controls": []
        }
    
        # Add optional fields if they have values
        if remediation_date:
            finding_data["remediation_date"] = remediation_date
            finding_data["remediated_by"] = "remediation_engineer"
    
>       return Finding(**finding_data)
               ^^^^^^^^^^^^^^^^^^^^^^^
E       TypeError: Finding.__init__() got an unexpected keyword argument 'status'

tests/security_analyst/test_stress.py:192: TypeError
--------------------------------- JSON report ----------------------------------
report saved to: report.json
=========================== short test summary info ============================
FAILED tests/researcher/bibliography/test_models.py::TestReference::test_update_reference
FAILED tests/researcher/bibliography/test_models.py::TestTaskReferenceLink::test_update_link
FAILED tests/researcher/dataset_versioning/test_models.py::TestDataset::test_update_dataset
FAILED tests/researcher/dataset_versioning/test_models.py::TestDatasetVersion::test_update_version
FAILED tests/researcher/dataset_versioning/test_models.py::TestDataTransformation::test_update_transformation
FAILED tests/researcher/dataset_versioning/test_models.py::TestTaskDatasetLink::test_update_link
FAILED tests/researcher/dataset_versioning/test_service.py::TestDatasetVersioningService::test_update_dataset
FAILED tests/researcher/dataset_versioning/test_service.py::TestDatasetVersioningService::test_update_dataset_version
FAILED tests/researcher/dataset_versioning/test_service.py::TestDatasetVersioningService::test_version_operations
FAILED tests/researcher/dataset_versioning/test_service.py::TestDatasetVersioningService::test_transformation_operations
FAILED tests/researcher/dataset_versioning/test_service.py::TestDatasetVersioningService::test_task_dataset_link_operations
FAILED tests/researcher/dataset_versioning/test_service.py::TestDatasetVersioningService::test_dataset_lineage
FAILED tests/researcher/dataset_versioning/test_storage.py::TestInMemoryDatasetStorage::test_create_and_get_dataset
FAILED tests/researcher/dataset_versioning/test_storage.py::TestInMemoryDatasetStorage::test_delete_dataset
FAILED tests/researcher/dataset_versioning/test_storage.py::TestInMemoryDatasetStorage::test_dataset_version_operations
FAILED tests/researcher/dataset_versioning/test_storage.py::TestInMemoryDatasetStorage::test_data_transformation_operations
FAILED tests/researcher/dataset_versioning/test_storage.py::TestInMemoryDatasetStorage::test_task_dataset_link_operations
FAILED tests/researcher/dataset_versioning/test_storage.py::TestInMemoryDatasetStorage::test_get_lineage
FAILED tests/researcher/environment/test_models.py::TestEnvironmentSnapshot::test_update_environment_snapshot
FAILED tests/researcher/environment/test_models.py::TestTaskEnvironmentLink::test_update_link
FAILED tests/researcher/environment/test_service.py::TestEnvironmentService::test_task_environment_link_operations
FAILED tests/researcher/environment/test_storage.py::TestInMemoryEnvironmentStorage::test_create_and_get_environment
FAILED tests/researcher/environment/test_storage.py::TestInMemoryEnvironmentStorage::test_task_environment_link_operations
FAILED tests/researcher/performance/test_dataset_versioning_performance.py::TestDatasetVersioningPerformance::test_complex_transformation_chain_performance
FAILED tests/researcher/task_management/test_models.py::TestResearchQuestion::test_update_question
FAILED tests/researcher/task_management/test_models.py::TestResearchTask::test_update_task
FAILED tests/researcher/task_management/test_models.py::TestResearchTask::test_complete_task
FAILED tests/security_analyst/compliance/test_compliance.py::test_compliance_repository_update_framework
FAILED tests/security_analyst/compliance/test_compliance.py::test_compliance_repository_list_and_count
FAILED tests/security_analyst/compliance/test_compliance.py::test_compliance_repository_import_framework
FAILED tests/security_analyst/findings/test_findings.py::test_finding_get - R...
FAILED tests/security_analyst/findings/test_findings.py::test_finding_update
FAILED tests/security_analyst/findings/test_findings.py::test_finding_delete
FAILED tests/security_analyst/findings/test_findings.py::test_finding_list_and_filter
FAILED tests/security_analyst/findings/test_findings.py::test_finding_crypto_integrity
FAILED tests/security_analyst/findings/test_findings.py::test_finding_performance_benchmark
FAILED tests/security_analyst/remediation/test_remediation.py::test_remediation_tracker_list_and_filter
FAILED tests/security_analyst/remediation/test_remediation.py::test_remediation_tracker_metrics
FAILED tests/security_analyst/reporting/test_reporting.py::test_report_generator_integration
FAILED tests/security_analyst/reporting/test_reporting.py::test_evidence_report_template
FAILED tests/security_analyst/reporting/test_reporting.py::test_status_update_template
FAILED tests/security_analyst/reporting/test_reporting.py::test_evidence_report_access_levels
FAILED tests/security_analyst/reporting/test_reporting.py::test_report_formats_rendering
FAILED tests/security_analyst/reporting/test_reporting.py::test_report_generator_performance
FAILED tests/security_analyst/test_integration.py::test_complete_security_assessment_workflow
FAILED tests/security_analyst/test_stress.py::test_large_findings_repository
FAILED tests/security_analyst/test_stress.py::test_large_remediation_tracking
FAILED tests/security_analyst/test_stress.py::test_large_compliance_framework
FAILED tests/security_analyst/test_stress.py::test_large_report_generation - ...
ERROR tests/researcher/bibliography/test_formatter.py
ERROR tests/researcher/bibliography/test_importer.py
ERROR tests/researcher/bibliography/test_service.py
ERROR tests/researcher/bibliography/test_storage.py
ERROR tests/researcher/integration/test_multitask_workflow.py
ERROR tests/researcher/integration/test_research_workflow.py
ERROR tests/researcher/performance/test_bibliography_performance.py
ERROR tests/researcher/performance/test_integration_performance.py
================== 49 failed, 316 passed, 8 errors in 14.11s ===================
