============================= test session starts ==============================
platform linux -- Python 3.12.3, pytest-8.4.1, pluggy-1.6.0
rootdir: /home/justinchiu/code/python/minicode/large_repos/query_language_interpreter/unified
configfile: pyproject.toml
plugins: metadata-3.1.1, cov-6.2.1, json-report-1.5.0
collected 0 items / 24 errors

==================================== ERRORS ====================================
__ ERROR collecting tests/data_privacy_officer/access_logging/test_logger.py ___
ImportError while importing test module '/home/justinchiu/code/python/minicode/large_repos/query_language_interpreter/unified/tests/data_privacy_officer/access_logging/test_logger.py'.
Hint: make sure your test modules/packages have valid Python names.
Traceback:
/usr/lib/python3.12/importlib/__init__.py:90: in import_module
    return _bootstrap._gcd_import(name[level:], package, level)
           ^^^^^^^^^^^^^^^^^^^^^^^^^^^^^^^^^^^^^^^^^^^^^^^^^^^^
tests/data_privacy_officer/access_logging/test_logger.py:13: in <module>
    from privacy_query_interpreter.access_logging.logger import (
privacy_query_interpreter/__init__.py:6: in <module>
    from privacy_query_interpreter.query_engine.engine import PrivacyQueryEngine
privacy_query_interpreter/query_engine/engine.py:12: in <module>
    from common.core.query_engine import BaseQueryEngine, QueryEngineConfig, DataSourceManager
common/__init__.py:4: in <module>
    from .core import (
common/core/__init__.py:33: in <module>
    from .query_parser import (
common/core/query_parser.py:8: in <module>
    import sqlparse
E   ModuleNotFoundError: No module named 'sqlparse'
_ ERROR collecting tests/data_privacy_officer/anonymization/test_anonymizer.py _
ImportError while importing test module '/home/justinchiu/code/python/minicode/large_repos/query_language_interpreter/unified/tests/data_privacy_officer/anonymization/test_anonymizer.py'.
Hint: make sure your test modules/packages have valid Python names.
Traceback:
/usr/lib/python3.12/importlib/__init__.py:90: in import_module
    return _bootstrap._gcd_import(name[level:], package, level)
           ^^^^^^^^^^^^^^^^^^^^^^^^^^^^^^^^^^^^^^^^^^^^^^^^^^^^
tests/data_privacy_officer/anonymization/test_anonymizer.py:7: in <module>
    from privacy_query_interpreter.anonymization.anonymizer import (
privacy_query_interpreter/__init__.py:6: in <module>
    from privacy_query_interpreter.query_engine.engine import PrivacyQueryEngine
privacy_query_interpreter/query_engine/engine.py:12: in <module>
    from common.core.query_engine import BaseQueryEngine, QueryEngineConfig, DataSourceManager
common/__init__.py:4: in <module>
    from .core import (
common/core/__init__.py:33: in <module>
    from .query_parser import (
common/core/query_parser.py:8: in <module>
    import sqlparse
E   ModuleNotFoundError: No module named 'sqlparse'
_ ERROR collecting tests/data_privacy_officer/data_minimization/test_minimizer.py _
ImportError while importing test module '/home/justinchiu/code/python/minicode/large_repos/query_language_interpreter/unified/tests/data_privacy_officer/data_minimization/test_minimizer.py'.
Hint: make sure your test modules/packages have valid Python names.
Traceback:
/usr/lib/python3.12/importlib/__init__.py:90: in import_module
    return _bootstrap._gcd_import(name[level:], package, level)
           ^^^^^^^^^^^^^^^^^^^^^^^^^^^^^^^^^^^^^^^^^^^^^^^^^^^^
tests/data_privacy_officer/data_minimization/test_minimizer.py:6: in <module>
    from privacy_query_interpreter.data_minimization.minimizer import (
privacy_query_interpreter/__init__.py:6: in <module>
    from privacy_query_interpreter.query_engine.engine import PrivacyQueryEngine
privacy_query_interpreter/query_engine/engine.py:12: in <module>
    from common.core.query_engine import BaseQueryEngine, QueryEngineConfig, DataSourceManager
common/__init__.py:4: in <module>
    from .core import (
common/core/__init__.py:33: in <module>
    from .query_parser import (
common/core/query_parser.py:8: in <module>
    import sqlparse
E   ModuleNotFoundError: No module named 'sqlparse'
__ ERROR collecting tests/data_privacy_officer/integration/test_scenarios.py ___
ImportError while importing test module '/home/justinchiu/code/python/minicode/large_repos/query_language_interpreter/unified/tests/data_privacy_officer/integration/test_scenarios.py'.
Hint: make sure your test modules/packages have valid Python names.
Traceback:
/usr/lib/python3.12/importlib/__init__.py:90: in import_module
    return _bootstrap._gcd_import(name[level:], package, level)
           ^^^^^^^^^^^^^^^^^^^^^^^^^^^^^^^^^^^^^^^^^^^^^^^^^^^^
tests/data_privacy_officer/integration/test_scenarios.py:11: in <module>
    from privacy_query_interpreter.access_logging.logger import AccessLogger
privacy_query_interpreter/__init__.py:6: in <module>
    from privacy_query_interpreter.query_engine.engine import PrivacyQueryEngine
privacy_query_interpreter/query_engine/engine.py:12: in <module>
    from common.core.query_engine import BaseQueryEngine, QueryEngineConfig, DataSourceManager
common/__init__.py:4: in <module>
    from .core import (
common/core/__init__.py:33: in <module>
    from .query_parser import (
common/core/query_parser.py:8: in <module>
    import sqlparse
E   ModuleNotFoundError: No module named 'sqlparse'
__ ERROR collecting tests/data_privacy_officer/pii_detection/test_detector.py __
ImportError while importing test module '/home/justinchiu/code/python/minicode/large_repos/query_language_interpreter/unified/tests/data_privacy_officer/pii_detection/test_detector.py'.
Hint: make sure your test modules/packages have valid Python names.
Traceback:
/usr/lib/python3.12/importlib/__init__.py:90: in import_module
    return _bootstrap._gcd_import(name[level:], package, level)
           ^^^^^^^^^^^^^^^^^^^^^^^^^^^^^^^^^^^^^^^^^^^^^^^^^^^^
tests/data_privacy_officer/pii_detection/test_detector.py:6: in <module>
    from privacy_query_interpreter.pii_detection.detector import PIIDetector, PIIMatch
privacy_query_interpreter/__init__.py:6: in <module>
    from privacy_query_interpreter.query_engine.engine import PrivacyQueryEngine
privacy_query_interpreter/query_engine/engine.py:12: in <module>
    from common.core.query_engine import BaseQueryEngine, QueryEngineConfig, DataSourceManager
common/__init__.py:4: in <module>
    from .core import (
common/core/__init__.py:33: in <module>
    from .query_parser import (
common/core/query_parser.py:8: in <module>
    import sqlparse
E   ModuleNotFoundError: No module named 'sqlparse'
__ ERROR collecting tests/data_privacy_officer/pii_detection/test_scanner.py ___
ImportError while importing test module '/home/justinchiu/code/python/minicode/large_repos/query_language_interpreter/unified/tests/data_privacy_officer/pii_detection/test_scanner.py'.
Hint: make sure your test modules/packages have valid Python names.
Traceback:
/usr/lib/python3.12/importlib/__init__.py:90: in import_module
    return _bootstrap._gcd_import(name[level:], package, level)
           ^^^^^^^^^^^^^^^^^^^^^^^^^^^^^^^^^^^^^^^^^^^^^^^^^^^^
tests/data_privacy_officer/pii_detection/test_scanner.py:10: in <module>
    from privacy_query_interpreter.pii_detection.detector import PIIDetector
privacy_query_interpreter/__init__.py:6: in <module>
    from privacy_query_interpreter.query_engine.engine import PrivacyQueryEngine
privacy_query_interpreter/query_engine/engine.py:12: in <module>
    from common.core.query_engine import BaseQueryEngine, QueryEngineConfig, DataSourceManager
common/__init__.py:4: in <module>
    from .core import (
common/core/__init__.py:33: in <module>
    from .query_parser import (
common/core/query_parser.py:8: in <module>
    import sqlparse
E   ModuleNotFoundError: No module named 'sqlparse'
_ ERROR collecting tests/data_privacy_officer/policy_enforcement/test_enforcer.py _
ImportError while importing test module '/home/justinchiu/code/python/minicode/large_repos/query_language_interpreter/unified/tests/data_privacy_officer/policy_enforcement/test_enforcer.py'.
Hint: make sure your test modules/packages have valid Python names.
Traceback:
/usr/lib/python3.12/importlib/__init__.py:90: in import_module
    return _bootstrap._gcd_import(name[level:], package, level)
           ^^^^^^^^^^^^^^^^^^^^^^^^^^^^^^^^^^^^^^^^^^^^^^^^^^^^
tests/data_privacy_officer/policy_enforcement/test_enforcer.py:7: in <module>
    from privacy_query_interpreter.access_logging.logger import AccessLogger
privacy_query_interpreter/__init__.py:6: in <module>
    from privacy_query_interpreter.query_engine.engine import PrivacyQueryEngine
privacy_query_interpreter/query_engine/engine.py:12: in <module>
    from common.core.query_engine import BaseQueryEngine, QueryEngineConfig, DataSourceManager
common/__init__.py:4: in <module>
    from .core import (
common/core/__init__.py:33: in <module>
    from .query_parser import (
common/core/query_parser.py:8: in <module>
    import sqlparse
E   ModuleNotFoundError: No module named 'sqlparse'
_ ERROR collecting tests/data_privacy_officer/policy_enforcement/test_policy.py _
ImportError while importing test module '/home/justinchiu/code/python/minicode/large_repos/query_language_interpreter/unified/tests/data_privacy_officer/policy_enforcement/test_policy.py'.
Hint: make sure your test modules/packages have valid Python names.
Traceback:
/usr/lib/python3.12/importlib/__init__.py:90: in import_module
    return _bootstrap._gcd_import(name[level:], package, level)
           ^^^^^^^^^^^^^^^^^^^^^^^^^^^^^^^^^^^^^^^^^^^^^^^^^^^^
tests/data_privacy_officer/policy_enforcement/test_policy.py:6: in <module>
    from privacy_query_interpreter.policy_enforcement.policy import (
privacy_query_interpreter/__init__.py:6: in <module>
    from privacy_query_interpreter.query_engine.engine import PrivacyQueryEngine
privacy_query_interpreter/query_engine/engine.py:12: in <module>
    from common.core.query_engine import BaseQueryEngine, QueryEngineConfig, DataSourceManager
common/__init__.py:4: in <module>
    from .core import (
common/core/__init__.py:33: in <module>
    from .query_parser import (
common/core/query_parser.py:8: in <module>
    import sqlparse
E   ModuleNotFoundError: No module named 'sqlparse'
___ ERROR collecting tests/data_privacy_officer/query_engine/test_engine.py ____
ImportError while importing test module '/home/justinchiu/code/python/minicode/large_repos/query_language_interpreter/unified/tests/data_privacy_officer/query_engine/test_engine.py'.
Hint: make sure your test modules/packages have valid Python names.
Traceback:
/usr/lib/python3.12/importlib/__init__.py:90: in import_module
    return _bootstrap._gcd_import(name[level:], package, level)
           ^^^^^^^^^^^^^^^^^^^^^^^^^^^^^^^^^^^^^^^^^^^^^^^^^^^^
tests/data_privacy_officer/query_engine/test_engine.py:8: in <module>
    from privacy_query_interpreter.access_logging.logger import AccessLogger, AccessOutcome
privacy_query_interpreter/__init__.py:6: in <module>
    from privacy_query_interpreter.query_engine.engine import PrivacyQueryEngine
privacy_query_interpreter/query_engine/engine.py:12: in <module>
    from common.core.query_engine import BaseQueryEngine, QueryEngineConfig, DataSourceManager
common/__init__.py:4: in <module>
    from .core import (
common/core/__init__.py:33: in <module>
    from .query_parser import (
common/core/query_parser.py:8: in <module>
    import sqlparse
E   ModuleNotFoundError: No module named 'sqlparse'
___ ERROR collecting tests/data_privacy_officer/query_engine/test_parser.py ____
ImportError while importing test module '/home/justinchiu/code/python/minicode/large_repos/query_language_interpreter/unified/tests/data_privacy_officer/query_engine/test_parser.py'.
Hint: make sure your test modules/packages have valid Python names.
Traceback:
/usr/lib/python3.12/importlib/__init__.py:90: in import_module
    return _bootstrap._gcd_import(name[level:], package, level)
           ^^^^^^^^^^^^^^^^^^^^^^^^^^^^^^^^^^^^^^^^^^^^^^^^^^^^
tests/data_privacy_officer/query_engine/test_parser.py:5: in <module>
    from privacy_query_interpreter.query_engine.parser import (
privacy_query_interpreter/query_engine/parser.py:7: in <module>
    import sqlparse
E   ModuleNotFoundError: No module named 'sqlparse'
_ ERROR collecting tests/legal_discovery_specialist/test_communication_analysis/test_analyzer.py _
ImportError while importing test module '/home/justinchiu/code/python/minicode/large_repos/query_language_interpreter/unified/tests/legal_discovery_specialist/test_communication_analysis/test_analyzer.py'.
Hint: make sure your test modules/packages have valid Python names.
Traceback:
/usr/lib/python3.12/importlib/__init__.py:90: in import_module
    return _bootstrap._gcd_import(name[level:], package, level)
           ^^^^^^^^^^^^^^^^^^^^^^^^^^^^^^^^^^^^^^^^^^^^^^^^^^^^
tests/legal_discovery_specialist/test_communication_analysis/test_analyzer.py:5: in <module>
    from legal_discovery_interpreter.core.document import (
legal_discovery_interpreter/__init__.py:13: in <module>
    from .core.interpreter import LegalQueryEngine, QueryInterpreter  # QueryInterpreter for backward compatibility
    ^^^^^^^^^^^^^^^^^^^^^^^^^^^^^^^^^^^^^^^^^^^^^^^^^^^^^^^^^^^^^^^^
legal_discovery_interpreter/core/__init__.py:6: in <module>
    from .interpreter import LegalQueryEngine, QueryInterpreter  # QueryInterpreter for backward compatibility
    ^^^^^^^^^^^^^^^^^^^^^^^^^^^^^^^^^^^^^^^^^^^^^^^^^^^^^^^^^^^
legal_discovery_interpreter/core/interpreter.py:10: in <module>
    from common.core.query_engine import BaseQueryEngine, QueryEngineConfig
common/__init__.py:4: in <module>
    from .core import (
common/core/__init__.py:33: in <module>
    from .query_parser import (
common/core/query_parser.py:8: in <module>
    import sqlparse
E   ModuleNotFoundError: No module named 'sqlparse'
_ ERROR collecting tests/legal_discovery_specialist/test_communication_analysis/test_models.py _
ImportError while importing test module '/home/justinchiu/code/python/minicode/large_repos/query_language_interpreter/unified/tests/legal_discovery_specialist/test_communication_analysis/test_models.py'.
Hint: make sure your test modules/packages have valid Python names.
Traceback:
/usr/lib/python3.12/importlib/__init__.py:90: in import_module
    return _bootstrap._gcd_import(name[level:], package, level)
           ^^^^^^^^^^^^^^^^^^^^^^^^^^^^^^^^^^^^^^^^^^^^^^^^^^^^
tests/legal_discovery_specialist/test_communication_analysis/test_models.py:5: in <module>
    from legal_discovery_interpreter.communication_analysis.models import (
legal_discovery_interpreter/__init__.py:13: in <module>
    from .core.interpreter import LegalQueryEngine, QueryInterpreter  # QueryInterpreter for backward compatibility
    ^^^^^^^^^^^^^^^^^^^^^^^^^^^^^^^^^^^^^^^^^^^^^^^^^^^^^^^^^^^^^^^^
legal_discovery_interpreter/core/__init__.py:6: in <module>
    from .interpreter import LegalQueryEngine, QueryInterpreter  # QueryInterpreter for backward compatibility
    ^^^^^^^^^^^^^^^^^^^^^^^^^^^^^^^^^^^^^^^^^^^^^^^^^^^^^^^^^^^
legal_discovery_interpreter/core/interpreter.py:10: in <module>
    from common.core.query_engine import BaseQueryEngine, QueryEngineConfig
common/__init__.py:4: in <module>
    from .core import (
common/core/__init__.py:33: in <module>
    from .query_parser import (
common/core/query_parser.py:8: in <module>
    import sqlparse
E   ModuleNotFoundError: No module named 'sqlparse'
_ ERROR collecting tests/legal_discovery_specialist/test_core/test_document.py _
ImportError while importing test module '/home/justinchiu/code/python/minicode/large_repos/query_language_interpreter/unified/tests/legal_discovery_specialist/test_core/test_document.py'.
Hint: make sure your test modules/packages have valid Python names.
Traceback:
/usr/lib/python3.12/importlib/__init__.py:90: in import_module
    return _bootstrap._gcd_import(name[level:], package, level)
           ^^^^^^^^^^^^^^^^^^^^^^^^^^^^^^^^^^^^^^^^^^^^^^^^^^^^
tests/legal_discovery_specialist/test_core/test_document.py:5: in <module>
    from legal_discovery_interpreter.core.document import (
legal_discovery_interpreter/__init__.py:13: in <module>
    from .core.interpreter import LegalQueryEngine, QueryInterpreter  # QueryInterpreter for backward compatibility
    ^^^^^^^^^^^^^^^^^^^^^^^^^^^^^^^^^^^^^^^^^^^^^^^^^^^^^^^^^^^^^^^^
legal_discovery_interpreter/core/__init__.py:6: in <module>
    from .interpreter import LegalQueryEngine, QueryInterpreter  # QueryInterpreter for backward compatibility
    ^^^^^^^^^^^^^^^^^^^^^^^^^^^^^^^^^^^^^^^^^^^^^^^^^^^^^^^^^^^
legal_discovery_interpreter/core/interpreter.py:10: in <module>
    from common.core.query_engine import BaseQueryEngine, QueryEngineConfig
common/__init__.py:4: in <module>
    from .core import (
common/core/__init__.py:33: in <module>
    from .query_parser import (
common/core/query_parser.py:8: in <module>
    import sqlparse
E   ModuleNotFoundError: No module named 'sqlparse'
_ ERROR collecting tests/legal_discovery_specialist/test_core/test_interpreter.py _
ImportError while importing test module '/home/justinchiu/code/python/minicode/large_repos/query_language_interpreter/unified/tests/legal_discovery_specialist/test_core/test_interpreter.py'.
Hint: make sure your test modules/packages have valid Python names.
Traceback:
/usr/lib/python3.12/importlib/__init__.py:90: in import_module
    return _bootstrap._gcd_import(name[level:], package, level)
           ^^^^^^^^^^^^^^^^^^^^^^^^^^^^^^^^^^^^^^^^^^^^^^^^^^^^
tests/legal_discovery_specialist/test_core/test_interpreter.py:7: in <module>
    from legal_discovery_interpreter.core.document import (
legal_discovery_interpreter/__init__.py:13: in <module>
    from .core.interpreter import LegalQueryEngine, QueryInterpreter  # QueryInterpreter for backward compatibility
    ^^^^^^^^^^^^^^^^^^^^^^^^^^^^^^^^^^^^^^^^^^^^^^^^^^^^^^^^^^^^^^^^
legal_discovery_interpreter/core/__init__.py:6: in <module>
    from .interpreter import LegalQueryEngine, QueryInterpreter  # QueryInterpreter for backward compatibility
    ^^^^^^^^^^^^^^^^^^^^^^^^^^^^^^^^^^^^^^^^^^^^^^^^^^^^^^^^^^^
legal_discovery_interpreter/core/interpreter.py:10: in <module>
    from common.core.query_engine import BaseQueryEngine, QueryEngineConfig
common/__init__.py:4: in <module>
    from .core import (
common/core/__init__.py:33: in <module>
    from .query_parser import (
common/core/query_parser.py:8: in <module>
    import sqlparse
E   ModuleNotFoundError: No module named 'sqlparse'
__ ERROR collecting tests/legal_discovery_specialist/test_core/test_query.py ___
ImportError while importing test module '/home/justinchiu/code/python/minicode/large_repos/query_language_interpreter/unified/tests/legal_discovery_specialist/test_core/test_query.py'.
Hint: make sure your test modules/packages have valid Python names.
Traceback:
/usr/lib/python3.12/importlib/__init__.py:90: in import_module
    return _bootstrap._gcd_import(name[level:], package, level)
           ^^^^^^^^^^^^^^^^^^^^^^^^^^^^^^^^^^^^^^^^^^^^^^^^^^^^
tests/legal_discovery_specialist/test_core/test_query.py:6: in <module>
    from legal_discovery_interpreter.core.query import (
legal_discovery_interpreter/__init__.py:13: in <module>
    from .core.interpreter import LegalQueryEngine, QueryInterpreter  # QueryInterpreter for backward compatibility
    ^^^^^^^^^^^^^^^^^^^^^^^^^^^^^^^^^^^^^^^^^^^^^^^^^^^^^^^^^^^^^^^^
legal_discovery_interpreter/core/__init__.py:6: in <module>
    from .interpreter import LegalQueryEngine, QueryInterpreter  # QueryInterpreter for backward compatibility
    ^^^^^^^^^^^^^^^^^^^^^^^^^^^^^^^^^^^^^^^^^^^^^^^^^^^^^^^^^^^
legal_discovery_interpreter/core/interpreter.py:10: in <module>
    from common.core.query_engine import BaseQueryEngine, QueryEngineConfig
common/__init__.py:4: in <module>
    from .core import (
common/core/__init__.py:33: in <module>
    from .query_parser import (
common/core/query_parser.py:8: in <module>
    import sqlparse
E   ModuleNotFoundError: No module named 'sqlparse'
_ ERROR collecting tests/legal_discovery_specialist/test_document_analysis/test_analyzer.py _
ImportError while importing test module '/home/justinchiu/code/python/minicode/large_repos/query_language_interpreter/unified/tests/legal_discovery_specialist/test_document_analysis/test_analyzer.py'.
Hint: make sure your test modules/packages have valid Python names.
Traceback:
/usr/lib/python3.12/importlib/__init__.py:90: in import_module
    return _bootstrap._gcd_import(name[level:], package, level)
           ^^^^^^^^^^^^^^^^^^^^^^^^^^^^^^^^^^^^^^^^^^^^^^^^^^^^
tests/legal_discovery_specialist/test_document_analysis/test_analyzer.py:5: in <module>
    from legal_discovery_interpreter.core.document import (
legal_discovery_interpreter/__init__.py:13: in <module>
    from .core.interpreter import LegalQueryEngine, QueryInterpreter  # QueryInterpreter for backward compatibility
    ^^^^^^^^^^^^^^^^^^^^^^^^^^^^^^^^^^^^^^^^^^^^^^^^^^^^^^^^^^^^^^^^
legal_discovery_interpreter/core/__init__.py:6: in <module>
    from .interpreter import LegalQueryEngine, QueryInterpreter  # QueryInterpreter for backward compatibility
    ^^^^^^^^^^^^^^^^^^^^^^^^^^^^^^^^^^^^^^^^^^^^^^^^^^^^^^^^^^^
legal_discovery_interpreter/core/interpreter.py:10: in <module>
    from common.core.query_engine import BaseQueryEngine, QueryEngineConfig
common/__init__.py:4: in <module>
    from .core import (
common/core/__init__.py:33: in <module>
    from .query_parser import (
common/core/query_parser.py:8: in <module>
    import sqlparse
E   ModuleNotFoundError: No module named 'sqlparse'
_ ERROR collecting tests/legal_discovery_specialist/test_document_analysis/test_proximity.py _
ImportError while importing test module '/home/justinchiu/code/python/minicode/large_repos/query_language_interpreter/unified/tests/legal_discovery_specialist/test_document_analysis/test_proximity.py'.
Hint: make sure your test modules/packages have valid Python names.
Traceback:
/usr/lib/python3.12/importlib/__init__.py:90: in import_module
    return _bootstrap._gcd_import(name[level:], package, level)
           ^^^^^^^^^^^^^^^^^^^^^^^^^^^^^^^^^^^^^^^^^^^^^^^^^^^^
tests/legal_discovery_specialist/test_document_analysis/test_proximity.py:4: in <module>
    from legal_discovery_interpreter.document_analysis.proximity import ProximitySearchEngine
legal_discovery_interpreter/__init__.py:13: in <module>
    from .core.interpreter import LegalQueryEngine, QueryInterpreter  # QueryInterpreter for backward compatibility
    ^^^^^^^^^^^^^^^^^^^^^^^^^^^^^^^^^^^^^^^^^^^^^^^^^^^^^^^^^^^^^^^^
legal_discovery_interpreter/core/__init__.py:6: in <module>
    from .interpreter import LegalQueryEngine, QueryInterpreter  # QueryInterpreter for backward compatibility
    ^^^^^^^^^^^^^^^^^^^^^^^^^^^^^^^^^^^^^^^^^^^^^^^^^^^^^^^^^^^
legal_discovery_interpreter/core/interpreter.py:10: in <module>
    from common.core.query_engine import BaseQueryEngine, QueryEngineConfig
common/__init__.py:4: in <module>
    from .core import (
common/core/__init__.py:33: in <module>
    from .query_parser import (
common/core/query_parser.py:8: in <module>
    import sqlparse
E   ModuleNotFoundError: No module named 'sqlparse'
_ ERROR collecting tests/legal_discovery_specialist/test_integration/test_integration.py _
ImportError while importing test module '/home/justinchiu/code/python/minicode/large_repos/query_language_interpreter/unified/tests/legal_discovery_specialist/test_integration/test_integration.py'.
Hint: make sure your test modules/packages have valid Python names.
Traceback:
/usr/lib/python3.12/importlib/__init__.py:90: in import_module
    return _bootstrap._gcd_import(name[level:], package, level)
           ^^^^^^^^^^^^^^^^^^^^^^^^^^^^^^^^^^^^^^^^^^^^^^^^^^^^
tests/legal_discovery_specialist/test_integration/test_integration.py:8: in <module>
    from legal_discovery_interpreter.core.document import (
legal_discovery_interpreter/__init__.py:13: in <module>
    from .core.interpreter import LegalQueryEngine, QueryInterpreter  # QueryInterpreter for backward compatibility
    ^^^^^^^^^^^^^^^^^^^^^^^^^^^^^^^^^^^^^^^^^^^^^^^^^^^^^^^^^^^^^^^^
legal_discovery_interpreter/core/__init__.py:6: in <module>
    from .interpreter import LegalQueryEngine, QueryInterpreter  # QueryInterpreter for backward compatibility
    ^^^^^^^^^^^^^^^^^^^^^^^^^^^^^^^^^^^^^^^^^^^^^^^^^^^^^^^^^^^
legal_discovery_interpreter/core/interpreter.py:10: in <module>
    from common.core.query_engine import BaseQueryEngine, QueryEngineConfig
common/__init__.py:4: in <module>
    from .core import (
common/core/__init__.py:33: in <module>
    from .query_parser import (
common/core/query_parser.py:8: in <module>
    import sqlparse
E   ModuleNotFoundError: No module named 'sqlparse'
_ ERROR collecting tests/legal_discovery_specialist/test_ontology/test_models.py _
ImportError while importing test module '/home/justinchiu/code/python/minicode/large_repos/query_language_interpreter/unified/tests/legal_discovery_specialist/test_ontology/test_models.py'.
Hint: make sure your test modules/packages have valid Python names.
Traceback:
/usr/lib/python3.12/importlib/__init__.py:90: in import_module
    return _bootstrap._gcd_import(name[level:], package, level)
           ^^^^^^^^^^^^^^^^^^^^^^^^^^^^^^^^^^^^^^^^^^^^^^^^^^^^
tests/legal_discovery_specialist/test_ontology/test_models.py:4: in <module>
    from legal_discovery_interpreter.ontology.models import (
legal_discovery_interpreter/__init__.py:13: in <module>
    from .core.interpreter import LegalQueryEngine, QueryInterpreter  # QueryInterpreter for backward compatibility
    ^^^^^^^^^^^^^^^^^^^^^^^^^^^^^^^^^^^^^^^^^^^^^^^^^^^^^^^^^^^^^^^^
legal_discovery_interpreter/core/__init__.py:6: in <module>
    from .interpreter import LegalQueryEngine, QueryInterpreter  # QueryInterpreter for backward compatibility
    ^^^^^^^^^^^^^^^^^^^^^^^^^^^^^^^^^^^^^^^^^^^^^^^^^^^^^^^^^^^
legal_discovery_interpreter/core/interpreter.py:10: in <module>
    from common.core.query_engine import BaseQueryEngine, QueryEngineConfig
common/__init__.py:4: in <module>
    from .core import (
common/core/__init__.py:33: in <module>
    from .query_parser import (
common/core/query_parser.py:8: in <module>
    import sqlparse
E   ModuleNotFoundError: No module named 'sqlparse'
_ ERROR collecting tests/legal_discovery_specialist/test_ontology/test_service.py _
ImportError while importing test module '/home/justinchiu/code/python/minicode/large_repos/query_language_interpreter/unified/tests/legal_discovery_specialist/test_ontology/test_service.py'.
Hint: make sure your test modules/packages have valid Python names.
Traceback:
/usr/lib/python3.12/importlib/__init__.py:90: in import_module
    return _bootstrap._gcd_import(name[level:], package, level)
           ^^^^^^^^^^^^^^^^^^^^^^^^^^^^^^^^^^^^^^^^^^^^^^^^^^^^
tests/legal_discovery_specialist/test_ontology/test_service.py:7: in <module>
    from legal_discovery_interpreter.ontology.models import (
legal_discovery_interpreter/__init__.py:13: in <module>
    from .core.interpreter import LegalQueryEngine, QueryInterpreter  # QueryInterpreter for backward compatibility
    ^^^^^^^^^^^^^^^^^^^^^^^^^^^^^^^^^^^^^^^^^^^^^^^^^^^^^^^^^^^^^^^^
legal_discovery_interpreter/core/__init__.py:6: in <module>
    from .interpreter import LegalQueryEngine, QueryInterpreter  # QueryInterpreter for backward compatibility
    ^^^^^^^^^^^^^^^^^^^^^^^^^^^^^^^^^^^^^^^^^^^^^^^^^^^^^^^^^^^
legal_discovery_interpreter/core/interpreter.py:10: in <module>
    from common.core.query_engine import BaseQueryEngine, QueryEngineConfig
common/__init__.py:4: in <module>
    from .core import (
common/core/__init__.py:33: in <module>
    from .query_parser import (
common/core/query_parser.py:8: in <module>
    import sqlparse
E   ModuleNotFoundError: No module named 'sqlparse'
_ ERROR collecting tests/legal_discovery_specialist/test_privilege/test_detector.py _
ImportError while importing test module '/home/justinchiu/code/python/minicode/large_repos/query_language_interpreter/unified/tests/legal_discovery_specialist/test_privilege/test_detector.py'.
Hint: make sure your test modules/packages have valid Python names.
Traceback:
/usr/lib/python3.12/importlib/__init__.py:90: in import_module
    return _bootstrap._gcd_import(name[level:], package, level)
           ^^^^^^^^^^^^^^^^^^^^^^^^^^^^^^^^^^^^^^^^^^^^^^^^^^^^
tests/legal_discovery_specialist/test_privilege/test_detector.py:8: in <module>
    from legal_discovery_interpreter.core.document import (
legal_discovery_interpreter/__init__.py:13: in <module>
    from .core.interpreter import LegalQueryEngine, QueryInterpreter  # QueryInterpreter for backward compatibility
    ^^^^^^^^^^^^^^^^^^^^^^^^^^^^^^^^^^^^^^^^^^^^^^^^^^^^^^^^^^^^^^^^
legal_discovery_interpreter/core/__init__.py:6: in <module>
    from .interpreter import LegalQueryEngine, QueryInterpreter  # QueryInterpreter for backward compatibility
    ^^^^^^^^^^^^^^^^^^^^^^^^^^^^^^^^^^^^^^^^^^^^^^^^^^^^^^^^^^^
legal_discovery_interpreter/core/interpreter.py:10: in <module>
    from common.core.query_engine import BaseQueryEngine, QueryEngineConfig
common/__init__.py:4: in <module>
    from .core import (
common/core/__init__.py:33: in <module>
    from .query_parser import (
common/core/query_parser.py:8: in <module>
    import sqlparse
E   ModuleNotFoundError: No module named 'sqlparse'
_ ERROR collecting tests/legal_discovery_specialist/test_privilege/test_models.py _
ImportError while importing test module '/home/justinchiu/code/python/minicode/large_repos/query_language_interpreter/unified/tests/legal_discovery_specialist/test_privilege/test_models.py'.
Hint: make sure your test modules/packages have valid Python names.
Traceback:
/usr/lib/python3.12/importlib/__init__.py:90: in import_module
    return _bootstrap._gcd_import(name[level:], package, level)
           ^^^^^^^^^^^^^^^^^^^^^^^^^^^^^^^^^^^^^^^^^^^^^^^^^^^^
tests/legal_discovery_specialist/test_privilege/test_models.py:4: in <module>
    from legal_discovery_interpreter.privilege.models import (
legal_discovery_interpreter/__init__.py:13: in <module>
    from .core.interpreter import LegalQueryEngine, QueryInterpreter  # QueryInterpreter for backward compatibility
    ^^^^^^^^^^^^^^^^^^^^^^^^^^^^^^^^^^^^^^^^^^^^^^^^^^^^^^^^^^^^^^^^
legal_discovery_interpreter/core/__init__.py:6: in <module>
    from .interpreter import LegalQueryEngine, QueryInterpreter  # QueryInterpreter for backward compatibility
    ^^^^^^^^^^^^^^^^^^^^^^^^^^^^^^^^^^^^^^^^^^^^^^^^^^^^^^^^^^^
legal_discovery_interpreter/core/interpreter.py:10: in <module>
    from common.core.query_engine import BaseQueryEngine, QueryEngineConfig
common/__init__.py:4: in <module>
    from .core import (
common/core/__init__.py:33: in <module>
    from .query_parser import (
common/core/query_parser.py:8: in <module>
    import sqlparse
E   ModuleNotFoundError: No module named 'sqlparse'
_ ERROR collecting tests/legal_discovery_specialist/test_temporal/test_manager.py _
ImportError while importing test module '/home/justinchiu/code/python/minicode/large_repos/query_language_interpreter/unified/tests/legal_discovery_specialist/test_temporal/test_manager.py'.
Hint: make sure your test modules/packages have valid Python names.
Traceback:
/usr/lib/python3.12/importlib/__init__.py:90: in import_module
    return _bootstrap._gcd_import(name[level:], package, level)
           ^^^^^^^^^^^^^^^^^^^^^^^^^^^^^^^^^^^^^^^^^^^^^^^^^^^^
tests/legal_discovery_specialist/test_temporal/test_manager.py:8: in <module>
    from legal_discovery_interpreter.temporal.models import (
legal_discovery_interpreter/__init__.py:13: in <module>
    from .core.interpreter import LegalQueryEngine, QueryInterpreter  # QueryInterpreter for backward compatibility
    ^^^^^^^^^^^^^^^^^^^^^^^^^^^^^^^^^^^^^^^^^^^^^^^^^^^^^^^^^^^^^^^^
legal_discovery_interpreter/core/__init__.py:6: in <module>
    from .interpreter import LegalQueryEngine, QueryInterpreter  # QueryInterpreter for backward compatibility
    ^^^^^^^^^^^^^^^^^^^^^^^^^^^^^^^^^^^^^^^^^^^^^^^^^^^^^^^^^^^
legal_discovery_interpreter/core/interpreter.py:10: in <module>
    from common.core.query_engine import BaseQueryEngine, QueryEngineConfig
common/__init__.py:4: in <module>
    from .core import (
common/core/__init__.py:33: in <module>
    from .query_parser import (
common/core/query_parser.py:8: in <module>
    import sqlparse
E   ModuleNotFoundError: No module named 'sqlparse'
_ ERROR collecting tests/legal_discovery_specialist/test_temporal/test_models.py _
ImportError while importing test module '/home/justinchiu/code/python/minicode/large_repos/query_language_interpreter/unified/tests/legal_discovery_specialist/test_temporal/test_models.py'.
Hint: make sure your test modules/packages have valid Python names.
Traceback:
/usr/lib/python3.12/importlib/__init__.py:90: in import_module
    return _bootstrap._gcd_import(name[level:], package, level)
           ^^^^^^^^^^^^^^^^^^^^^^^^^^^^^^^^^^^^^^^^^^^^^^^^^^^^
tests/legal_discovery_specialist/test_temporal/test_models.py:5: in <module>
    from legal_discovery_interpreter.temporal.models import (
legal_discovery_interpreter/__init__.py:13: in <module>
    from .core.interpreter import LegalQueryEngine, QueryInterpreter  # QueryInterpreter for backward compatibility
    ^^^^^^^^^^^^^^^^^^^^^^^^^^^^^^^^^^^^^^^^^^^^^^^^^^^^^^^^^^^^^^^^
legal_discovery_interpreter/core/__init__.py:6: in <module>
    from .interpreter import LegalQueryEngine, QueryInterpreter  # QueryInterpreter for backward compatibility
    ^^^^^^^^^^^^^^^^^^^^^^^^^^^^^^^^^^^^^^^^^^^^^^^^^^^^^^^^^^^
legal_discovery_interpreter/core/interpreter.py:10: in <module>
    from common.core.query_engine import BaseQueryEngine, QueryEngineConfig
common/__init__.py:4: in <module>
    from .core import (
common/core/__init__.py:33: in <module>
    from .query_parser import (
common/core/query_parser.py:8: in <module>
    import sqlparse
E   ModuleNotFoundError: No module named 'sqlparse'
=============================== warnings summary ===============================
../../../../../../.local/lib/python3.12/site-packages/pydantic/_internal/_config.py:323
../../../../../../.local/lib/python3.12/site-packages/pydantic/_internal/_config.py:323
../../../../../../.local/lib/python3.12/site-packages/pydantic/_internal/_config.py:323
../../../../../../.local/lib/python3.12/site-packages/pydantic/_internal/_config.py:323
../../../../../../.local/lib/python3.12/site-packages/pydantic/_internal/_config.py:323
../../../../../../.local/lib/python3.12/site-packages/pydantic/_internal/_config.py:323
../../../../../../.local/lib/python3.12/site-packages/pydantic/_internal/_config.py:323
../../../../../../.local/lib/python3.12/site-packages/pydantic/_internal/_config.py:323
  /home/justinchiu/.local/lib/python3.12/site-packages/pydantic/_internal/_config.py:323: PydanticDeprecatedSince20: Support for class-based `config` is deprecated, use ConfigDict instead. Deprecated in Pydantic V2.0 to be removed in V3.0. See Pydantic V2 Migration Guide at https://errors.pydantic.dev/2.11/migration/
    warnings.warn(DEPRECATION_MESSAGE, DeprecationWarning)

-- Docs: https://docs.pytest.org/en/stable/how-to/capture-warnings.html
--------------------------------- JSON report ----------------------------------
report saved to: report.json
=========================== short test summary info ============================
ERROR tests/data_privacy_officer/access_logging/test_logger.py
ERROR tests/data_privacy_officer/anonymization/test_anonymizer.py
ERROR tests/data_privacy_officer/data_minimization/test_minimizer.py
ERROR tests/data_privacy_officer/integration/test_scenarios.py
ERROR tests/data_privacy_officer/pii_detection/test_detector.py
ERROR tests/data_privacy_officer/pii_detection/test_scanner.py
ERROR tests/data_privacy_officer/policy_enforcement/test_enforcer.py
ERROR tests/data_privacy_officer/policy_enforcement/test_policy.py
ERROR tests/data_privacy_officer/query_engine/test_engine.py
ERROR tests/data_privacy_officer/query_engine/test_parser.py
ERROR tests/legal_discovery_specialist/test_communication_analysis/test_analyzer.py
ERROR tests/legal_discovery_specialist/test_communication_analysis/test_models.py
ERROR tests/legal_discovery_specialist/test_core/test_document.py
ERROR tests/legal_discovery_specialist/test_core/test_interpreter.py
ERROR tests/legal_discovery_specialist/test_core/test_query.py
ERROR tests/legal_discovery_specialist/test_document_analysis/test_analyzer.py
ERROR tests/legal_discovery_specialist/test_document_analysis/test_proximity.py
ERROR tests/legal_discovery_specialist/test_integration/test_integration.py
ERROR tests/legal_discovery_specialist/test_ontology/test_models.py
ERROR tests/legal_discovery_specialist/test_ontology/test_service.py
ERROR tests/legal_discovery_specialist/test_privilege/test_detector.py
ERROR tests/legal_discovery_specialist/test_privilege/test_models.py
ERROR tests/legal_discovery_specialist/test_temporal/test_manager.py
ERROR tests/legal_discovery_specialist/test_temporal/test_models.py
======================== 8 warnings, 24 errors in 1.12s ========================
